{"D:\\projects\\one-piece\\src\\App.tsx": {"path":"D:\\projects\\one-piece\\src\\App.tsx","statementMap":{"0":{"start":{"line":16,"column":2},"end":{"line":47,"column":null}}},"fnMap":{"0":{"name":"App","decl":{"start":{"line":15,"column":9},"end":{"line":15,"column":15}},"loc":{"start":{"line":15,"column":15},"end":{"line":49,"column":null}},"line":15}},"branchMap":{},"s":{"0":0},"f":{"0":0},"b":{},"meta":{"lastBranch":0,"lastFunction":1,"lastStatement":1,"seen":{"f:15:9:15:15":0,"s:16:2:47:Infinity":0}}}
,"D:\\projects\\one-piece\\src\\firebase.ts": {"path":"D:\\projects\\one-piece\\src\\firebase.ts","statementMap":{"0":{"start":{"line":9,"column":23},"end":{"line":17,"column":null}},"1":{"start":{"line":19,"column":6},"end":{"line":19,"column":null}},"2":{"start":{"line":20,"column":6},"end":{"line":20,"column":null}},"3":{"start":{"line":21,"column":6},"end":{"line":21,"column":null}},"4":{"start":{"line":22,"column":6},"end":{"line":22,"column":null}},"5":{"start":{"line":25,"column":0},"end":{"line":27,"column":null}},"6":{"start":{"line":26,"column":2},"end":{"line":26,"column":null}},"7":{"start":{"line":29,"column":30},"end":{"line":29,"column":null}}},"fnMap":{},"branchMap":{"0":{"loc":{"start":{"line":25,"column":0},"end":{"line":27,"column":null}},"type":"if","locations":[{"start":{"line":25,"column":0},"end":{"line":27,"column":null}},{"start":{},"end":{}}],"line":25}},"s":{"0":0,"1":0,"2":0,"3":0,"4":0,"5":0,"6":0,"7":0},"f":{},"b":{"0":[0,0]},"meta":{"lastBranch":1,"lastFunction":0,"lastStatement":8,"seen":{"s:9:23:17:Infinity":0,"s:19:6:19:Infinity":1,"s:20:6:20:Infinity":2,"s:21:6:21:Infinity":3,"s:22:6:22:Infinity":4,"b:25:0:27:Infinity:undefined:undefined:undefined:undefined":0,"s:25:0:27:Infinity":5,"s:26:2:26:Infinity":6,"s:29:30:29:Infinity":7}}}
,"D:\\projects\\one-piece\\src\\components\\EmailWhitelist.tsx": {"path":"D:\\projects\\one-piece\\src\\components\\EmailWhitelist.tsx","statementMap":{"0":{"start":{"line":10,"column":33},"end":{"line":170,"column":null}},"1":{"start":{"line":11,"column":22},"end":{"line":11,"column":null}},"2":{"start":{"line":12,"column":32},"end":{"line":12,"column":null}},"3":{"start":{"line":13,"column":30},"end":{"line":13,"column":null}},"4":{"start":{"line":14,"column":28},"end":{"line":14,"column":null}},"5":{"start":{"line":15,"column":26},"end":{"line":15,"column":null}},"6":{"start":{"line":16,"column":24},"end":{"line":16,"column":null}},"7":{"start":{"line":18,"column":2},"end":{"line":20,"column":null}},"8":{"start":{"line":19,"column":4},"end":{"line":19,"column":null}},"9":{"start":{"line":22,"column":24},"end":{"line":32,"column":null}},"10":{"start":{"line":23,"column":4},"end":{"line":23,"column":null}},"11":{"start":{"line":24,"column":4},"end":{"line":31,"column":null}},"12":{"start":{"line":25,"column":21},"end":{"line":25,"column":null}},"13":{"start":{"line":26,"column":6},"end":{"line":26,"column":null}},"14":{"start":{"line":28,"column":6},"end":{"line":28,"column":null}},"15":{"start":{"line":30,"column":6},"end":{"line":30,"column":null}},"16":{"start":{"line":34,"column":25},"end":{"line":71,"column":null}},"17":{"start":{"line":35,"column":4},"end":{"line":35,"column":null}},"18":{"start":{"line":36,"column":4},"end":{"line":36,"column":null}},"19":{"start":{"line":38,"column":4},"end":{"line":41,"column":null}},"20":{"start":{"line":39,"column":6},"end":{"line":39,"column":null}},"21":{"start":{"line":40,"column":6},"end":{"line":40,"column":null}},"22":{"start":{"line":43,"column":18},"end":{"line":43,"column":null}},"23":{"start":{"line":44,"column":4},"end":{"line":47,"column":null}},"24":{"start":{"line":45,"column":6},"end":{"line":45,"column":null}},"25":{"start":{"line":46,"column":6},"end":{"line":46,"column":null}},"26":{"start":{"line":50,"column":4},"end":{"line":53,"column":null}},"27":{"start":{"line":51,"column":6},"end":{"line":51,"column":null}},"28":{"start":{"line":52,"column":6},"end":{"line":52,"column":null}},"29":{"start":{"line":55,"column":4},"end":{"line":58,"column":null}},"30":{"start":{"line":56,"column":6},"end":{"line":56,"column":null}},"31":{"start":{"line":57,"column":6},"end":{"line":57,"column":null}},"32":{"start":{"line":60,"column":4},"end":{"line":60,"column":null}},"33":{"start":{"line":61,"column":4},"end":{"line":70,"column":null}},"34":{"start":{"line":62,"column":6},"end":{"line":62,"column":null}},"35":{"start":{"line":63,"column":6},"end":{"line":63,"column":null}},"36":{"start":{"line":64,"column":6},"end":{"line":64,"column":null}},"37":{"start":{"line":66,"column":20},"end":{"line":66,"column":null}},"38":{"start":{"line":67,"column":6},"end":{"line":67,"column":null}},"39":{"start":{"line":69,"column":6},"end":{"line":69,"column":null}},"40":{"start":{"line":73,"column":28},"end":{"line":88,"column":null}},"41":{"start":{"line":74,"column":4},"end":{"line":74,"column":null}},"42":{"start":{"line":74,"column":27},"end":{"line":74,"column":null}},"43":{"start":{"line":76,"column":4},"end":{"line":76,"column":null}},"44":{"start":{"line":76,"column":53},"end":{"line":76,"column":null}},"45":{"start":{"line":78,"column":4},"end":{"line":78,"column":null}},"46":{"start":{"line":79,"column":4},"end":{"line":87,"column":null}},"47":{"start":{"line":80,"column":6},"end":{"line":80,"column":null}},"48":{"start":{"line":81,"column":6},"end":{"line":81,"column":null}},"49":{"start":{"line":83,"column":20},"end":{"line":83,"column":null}},"50":{"start":{"line":84,"column":6},"end":{"line":84,"column":null}},"51":{"start":{"line":86,"column":6},"end":{"line":86,"column":null}},"52":{"start":{"line":90,"column":2},"end":{"line":101,"column":null}},"53":{"start":{"line":91,"column":4},"end":{"line":99,"column":null}},"54":{"start":{"line":103,"column":2},"end":{"line":168,"column":null}},"55":{"start":{"line":127,"column":31},"end":{"line":127,"column":null}},"56":{"start":{"line":145,"column":14},"end":{"line":163,"column":null}},"57":{"start":{"line":156,"column":33},"end":{"line":156,"column":null}}},"fnMap":{"0":{"name":"(anonymous_0)","decl":{"start":{"line":10,"column":33},"end":{"line":10,"column":39}},"loc":{"start":{"line":10,"column":39},"end":{"line":170,"column":null}},"line":10},"1":{"name":"(anonymous_1)","decl":{"start":{"line":18,"column":12},"end":{"line":18,"column":18}},"loc":{"start":{"line":18,"column":18},"end":{"line":20,"column":5}},"line":18},"2":{"name":"(anonymous_2)","decl":{"start":{"line":22,"column":24},"end":{"line":22,"column":36}},"loc":{"start":{"line":22,"column":36},"end":{"line":32,"column":null}},"line":22},"3":{"name":"(anonymous_3)","decl":{"start":{"line":34,"column":25},"end":{"line":34,"column":32}},"loc":{"start":{"line":34,"column":55},"end":{"line":71,"column":null}},"line":34},"4":{"name":"(anonymous_4)","decl":{"start":{"line":73,"column":28},"end":{"line":73,"column":35}},"loc":{"start":{"line":73,"column":53},"end":{"line":88,"column":null}},"line":73},"5":{"name":"(anonymous_5)","decl":{"start":{"line":127,"column":24},"end":{"line":127,"column":25}},"loc":{"start":{"line":127,"column":31},"end":{"line":127,"column":null}},"line":127},"6":{"name":"(anonymous_6)","decl":{"start":{"line":144,"column":26},"end":{"line":144,"column":27}},"loc":{"start":{"line":145,"column":14},"end":{"line":163,"column":null}},"line":145},"7":{"name":"(anonymous_7)","decl":{"start":{"line":156,"column":27},"end":{"line":156,"column":33}},"loc":{"start":{"line":156,"column":33},"end":{"line":156,"column":null}},"line":156}},"branchMap":{"0":{"loc":{"start":{"line":38,"column":4},"end":{"line":41,"column":null}},"type":"if","locations":[{"start":{"line":38,"column":4},"end":{"line":41,"column":null}},{"start":{},"end":{}}],"line":38},"1":{"loc":{"start":{"line":44,"column":4},"end":{"line":47,"column":null}},"type":"if","locations":[{"start":{"line":44,"column":4},"end":{"line":47,"column":null}},{"start":{},"end":{}}],"line":44},"2":{"loc":{"start":{"line":50,"column":4},"end":{"line":53,"column":null}},"type":"if","locations":[{"start":{"line":50,"column":4},"end":{"line":53,"column":null}},{"start":{},"end":{}}],"line":50},"3":{"loc":{"start":{"line":55,"column":4},"end":{"line":58,"column":null}},"type":"if","locations":[{"start":{"line":55,"column":4},"end":{"line":58,"column":null}},{"start":{},"end":{}}],"line":55},"4":{"loc":{"start":{"line":67,"column":15},"end":{"line":67,"column":53}},"type":"binary-expr","locations":[{"start":{"line":67,"column":15},"end":{"line":67,"column":32}},{"start":{"line":67,"column":32},"end":{"line":67,"column":53}}],"line":67},"5":{"loc":{"start":{"line":74,"column":4},"end":{"line":74,"column":null}},"type":"if","locations":[{"start":{"line":74,"column":4},"end":{"line":74,"column":null}},{"start":{},"end":{}}],"line":74},"6":{"loc":{"start":{"line":76,"column":4},"end":{"line":76,"column":null}},"type":"if","locations":[{"start":{"line":76,"column":4},"end":{"line":76,"column":null}},{"start":{},"end":{}}],"line":76},"7":{"loc":{"start":{"line":84,"column":15},"end":{"line":84,"column":56}},"type":"binary-expr","locations":[{"start":{"line":84,"column":15},"end":{"line":84,"column":32}},{"start":{"line":84,"column":32},"end":{"line":84,"column":56}}],"line":84},"8":{"loc":{"start":{"line":90,"column":2},"end":{"line":101,"column":null}},"type":"if","locations":[{"start":{"line":90,"column":2},"end":{"line":101,"column":null}},{"start":{},"end":{}}],"line":90},"9":{"loc":{"start":{"line":112,"column":32},"end":{"line":112,"column":null}},"type":"cond-expr","locations":[{"start":{"line":112,"column":57},"end":{"line":112,"column":66}},{"start":{"line":112,"column":66},"end":{"line":112,"column":null}}],"line":112},"10":{"loc":{"start":{"line":117,"column":9},"end":{"line":117,"column":null}},"type":"binary-expr","locations":[{"start":{"line":117,"column":9},"end":{"line":117,"column":18}},{"start":{"line":117,"column":18},"end":{"line":117,"column":null}}],"line":117},"11":{"loc":{"start":{"line":141,"column":11},"end":{"line":164,"column":null}},"type":"cond-expr","locations":[{"start":{"line":142,"column":12},"end":{"line":142,"column":null}},{"start":{"line":144,"column":12},"end":{"line":164,"column":null}}],"line":141}},"s":{"0":0,"1":0,"2":0,"3":0,"4":0,"5":0,"6":0,"7":0,"8":0,"9":0,"10":0,"11":0,"12":0,"13":0,"14":0,"15":0,"16":0,"17":0,"18":0,"19":0,"20":0,"21":0,"22":0,"23":0,"24":0,"25":0,"26":0,"27":0,"28":0,"29":0,"30":0,"31":0,"32":0,"33":0,"34":0,"35":0,"36":0,"37":0,"38":0,"39":0,"40":0,"41":0,"42":0,"43":0,"44":0,"45":0,"46":0,"47":0,"48":0,"49":0,"50":0,"51":0,"52":0,"53":0,"54":0,"55":0,"56":0,"57":0},"f":{"0":0,"1":0,"2":0,"3":0,"4":0,"5":0,"6":0,"7":0},"b":{"0":[0,0],"1":[0,0],"2":[0,0],"3":[0,0],"4":[0,0],"5":[0,0],"6":[0,0],"7":[0,0],"8":[0,0],"9":[0,0],"10":[0,0],"11":[0,0]},"meta":{"lastBranch":12,"lastFunction":8,"lastStatement":58,"seen":{"s:10:33:170:Infinity":0,"f:10:33:10:39":0,"s:11:22:11:Infinity":1,"s:12:32:12:Infinity":2,"s:13:30:13:Infinity":3,"s:14:28:14:Infinity":4,"s:15:26:15:Infinity":5,"s:16:24:16:Infinity":6,"s:18:2:20:Infinity":7,"f:18:12:18:18":1,"s:19:4:19:Infinity":8,"s:22:24:32:Infinity":9,"f:22:24:22:36":2,"s:23:4:23:Infinity":10,"s:24:4:31:Infinity":11,"s:25:21:25:Infinity":12,"s:26:6:26:Infinity":13,"s:28:6:28:Infinity":14,"s:30:6:30:Infinity":15,"s:34:25:71:Infinity":16,"f:34:25:34:32":3,"s:35:4:35:Infinity":17,"s:36:4:36:Infinity":18,"b:38:4:41:Infinity:undefined:undefined:undefined:undefined":0,"s:38:4:41:Infinity":19,"s:39:6:39:Infinity":20,"s:40:6:40:Infinity":21,"s:43:18:43:Infinity":22,"b:44:4:47:Infinity:undefined:undefined:undefined:undefined":1,"s:44:4:47:Infinity":23,"s:45:6:45:Infinity":24,"s:46:6:46:Infinity":25,"b:50:4:53:Infinity:undefined:undefined:undefined:undefined":2,"s:50:4:53:Infinity":26,"s:51:6:51:Infinity":27,"s:52:6:52:Infinity":28,"b:55:4:58:Infinity:undefined:undefined:undefined:undefined":3,"s:55:4:58:Infinity":29,"s:56:6:56:Infinity":30,"s:57:6:57:Infinity":31,"s:60:4:60:Infinity":32,"s:61:4:70:Infinity":33,"s:62:6:62:Infinity":34,"s:63:6:63:Infinity":35,"s:64:6:64:Infinity":36,"s:66:20:66:Infinity":37,"s:67:6:67:Infinity":38,"b:67:15:67:32:67:32:67:53":4,"s:69:6:69:Infinity":39,"s:73:28:88:Infinity":40,"f:73:28:73:35":4,"b:74:4:74:Infinity:undefined:undefined:undefined:undefined":5,"s:74:4:74:Infinity":41,"s:74:27:74:Infinity":42,"b:76:4:76:Infinity:undefined:undefined:undefined:undefined":6,"s:76:4:76:Infinity":43,"s:76:53:76:Infinity":44,"s:78:4:78:Infinity":45,"s:79:4:87:Infinity":46,"s:80:6:80:Infinity":47,"s:81:6:81:Infinity":48,"s:83:20:83:Infinity":49,"s:84:6:84:Infinity":50,"b:84:15:84:32:84:32:84:56":7,"s:86:6:86:Infinity":51,"b:90:2:101:Infinity:undefined:undefined:undefined:undefined":8,"s:90:2:101:Infinity":52,"s:91:4:99:Infinity":53,"s:103:2:168:Infinity":54,"b:112:57:112:66:112:66:112:Infinity":9,"b:117:9:117:18:117:18:117:Infinity":10,"f:127:24:127:25":5,"s:127:31:127:Infinity":55,"b:142:12:142:Infinity:144:12:164:Infinity":11,"f:144:26:144:27":6,"s:145:14:163:Infinity":56,"f:156:27:156:33":7,"s:156:33:156:Infinity":57}}}
,"D:\\projects\\one-piece\\src\\components\\Layout.tsx": {"path":"D:\\projects\\one-piece\\src\\components\\Layout.tsx","statementMap":{"0":{"start":{"line":9,"column":25},"end":{"line":143,"column":null}},"1":{"start":{"line":10,"column":30},"end":{"line":10,"column":null}},"2":{"start":{"line":11,"column":8},"end":{"line":11,"column":null}},"3":{"start":{"line":12,"column":34},"end":{"line":12,"column":null}},"4":{"start":{"line":13,"column":46},"end":{"line":13,"column":null}},"5":{"start":{"line":15,"column":2},"end":{"line":34,"column":null}},"6":{"start":{"line":16,"column":27},"end":{"line":31,"column":null}},"7":{"start":{"line":17,"column":6},"end":{"line":30,"column":null}},"8":{"start":{"line":18,"column":8},"end":{"line":27,"column":null}},"9":{"start":{"line":19,"column":28},"end":{"line":19,"column":null}},"10":{"start":{"line":20,"column":10},"end":{"line":22,"column":null}},"11":{"start":{"line":21,"column":12},"end":{"line":21,"column":null}},"12":{"start":{"line":24,"column":10},"end":{"line":24,"column":null}},"13":{"start":{"line":26,"column":10},"end":{"line":26,"column":null}},"14":{"start":{"line":29,"column":8},"end":{"line":29,"column":null}},"15":{"start":{"line":33,"column":4},"end":{"line":33,"column":null}},"16":{"start":{"line":36,"column":23},"end":{"line":45,"column":null}},"17":{"start":{"line":37,"column":4},"end":{"line":44,"column":null}},"18":{"start":{"line":38,"column":6},"end":{"line":43,"column":null}},"19":{"start":{"line":39,"column":8},"end":{"line":39,"column":null}},"20":{"start":{"line":40,"column":8},"end":{"line":40,"column":null}},"21":{"start":{"line":42,"column":8},"end":{"line":42,"column":null}},"22":{"start":{"line":47,"column":19},"end":{"line":54,"column":null}},"23":{"start":{"line":56,"column":2},"end":{"line":141,"column":null}},"24":{"start":{"line":85,"column":10},"end":{"line":97,"column":null}},"25":{"start":{"line":88,"column":35},"end":{"line":92,"column":null}},"26":{"start":{"line":111,"column":12},"end":{"line":125,"column":null}},"27":{"start":{"line":114,"column":37},"end":{"line":120,"column":null}}},"fnMap":{"0":{"name":"(anonymous_0)","decl":{"start":{"line":9,"column":25},"end":{"line":9,"column":31}},"loc":{"start":{"line":9,"column":31},"end":{"line":143,"column":null}},"line":9},"1":{"name":"(anonymous_1)","decl":{"start":{"line":15,"column":12},"end":{"line":15,"column":18}},"loc":{"start":{"line":15,"column":18},"end":{"line":34,"column":5}},"line":15},"2":{"name":"(anonymous_2)","decl":{"start":{"line":16,"column":27},"end":{"line":16,"column":39}},"loc":{"start":{"line":16,"column":39},"end":{"line":31,"column":null}},"line":16},"3":{"name":"(anonymous_3)","decl":{"start":{"line":36,"column":23},"end":{"line":36,"column":35}},"loc":{"start":{"line":36,"column":35},"end":{"line":45,"column":null}},"line":36},"4":{"name":"(anonymous_4)","decl":{"start":{"line":84,"column":22},"end":{"line":84,"column":23}},"loc":{"start":{"line":85,"column":10},"end":{"line":97,"column":null}},"line":85},"5":{"name":"(anonymous_5)","decl":{"start":{"line":88,"column":23},"end":{"line":88,"column":24}},"loc":{"start":{"line":88,"column":35},"end":{"line":92,"column":null}},"line":88},"6":{"name":"(anonymous_6)","decl":{"start":{"line":110,"column":24},"end":{"line":110,"column":25}},"loc":{"start":{"line":111,"column":12},"end":{"line":125,"column":null}},"line":111},"7":{"name":"(anonymous_7)","decl":{"start":{"line":114,"column":25},"end":{"line":114,"column":26}},"loc":{"start":{"line":114,"column":37},"end":{"line":120,"column":null}},"line":114}},"branchMap":{"0":{"loc":{"start":{"line":17,"column":6},"end":{"line":30,"column":null}},"type":"if","locations":[{"start":{"line":17,"column":6},"end":{"line":30,"column":null}},{"start":{"line":28,"column":13},"end":{"line":30,"column":null}}],"line":17},"1":{"loc":{"start":{"line":20,"column":10},"end":{"line":22,"column":null}},"type":"if","locations":[{"start":{"line":20,"column":10},"end":{"line":22,"column":null}},{"start":{},"end":{}}],"line":20},"2":{"loc":{"start":{"line":37,"column":4},"end":{"line":44,"column":null}},"type":"if","locations":[{"start":{"line":37,"column":4},"end":{"line":44,"column":null}},{"start":{},"end":{}}],"line":37},"3":{"loc":{"start":{"line":68,"column":11},"end":{"line":69,"column":null}},"type":"binary-expr","locations":[{"start":{"line":68,"column":11},"end":{"line":68,"column":32}},{"start":{"line":68,"column":32},"end":{"line":68,"column":null}},{"start":{"line":69,"column":12},"end":{"line":69,"column":null}}],"line":68},"4":{"loc":{"start":{"line":91,"column":16},"end":{"line":91,"column":null}},"type":"cond-expr","locations":[{"start":{"line":91,"column":27},"end":{"line":91,"column":56}},{"start":{"line":91,"column":56},"end":{"line":91,"column":null}}],"line":91},"5":{"loc":{"start":{"line":105,"column":11},"end":{"line":106,"column":null}},"type":"binary-expr","locations":[{"start":{"line":105,"column":11},"end":{"line":105,"column":32}},{"start":{"line":105,"column":32},"end":{"line":105,"column":null}},{"start":{"line":106,"column":12},"end":{"line":106,"column":null}}],"line":105},"6":{"loc":{"start":{"line":117,"column":18},"end":{"line":119,"column":null}},"type":"cond-expr","locations":[{"start":{"line":118,"column":22},"end":{"line":118,"column":null}},{"start":{"line":119,"column":22},"end":{"line":119,"column":null}}],"line":117}},"s":{"0":0,"1":0,"2":0,"3":0,"4":0,"5":0,"6":0,"7":0,"8":0,"9":0,"10":0,"11":0,"12":0,"13":0,"14":0,"15":0,"16":0,"17":0,"18":0,"19":0,"20":0,"21":0,"22":0,"23":0,"24":0,"25":0,"26":0,"27":0},"f":{"0":0,"1":0,"2":0,"3":0,"4":0,"5":0,"6":0,"7":0},"b":{"0":[0,0],"1":[0,0],"2":[0,0],"3":[0,0,0],"4":[0,0],"5":[0,0,0],"6":[0,0]},"meta":{"lastBranch":7,"lastFunction":8,"lastStatement":28,"seen":{"s:9:25:143:Infinity":0,"f:9:25:9:31":0,"s:10:30:10:Infinity":1,"s:11:8:11:Infinity":2,"s:12:34:12:Infinity":3,"s:13:46:13:Infinity":4,"s:15:2:34:Infinity":5,"f:15:12:15:18":1,"s:16:27:31:Infinity":6,"f:16:27:16:39":2,"b:17:6:30:Infinity:28:13:30:Infinity":0,"s:17:6:30:Infinity":7,"s:18:8:27:Infinity":8,"s:19:28:19:Infinity":9,"b:20:10:22:Infinity:undefined:undefined:undefined:undefined":1,"s:20:10:22:Infinity":10,"s:21:12:21:Infinity":11,"s:24:10:24:Infinity":12,"s:26:10:26:Infinity":13,"s:29:8:29:Infinity":14,"s:33:4:33:Infinity":15,"s:36:23:45:Infinity":16,"f:36:23:36:35":3,"b:37:4:44:Infinity:undefined:undefined:undefined:undefined":2,"s:37:4:44:Infinity":17,"s:38:6:43:Infinity":18,"s:39:8:39:Infinity":19,"s:40:8:40:Infinity":20,"s:42:8:42:Infinity":21,"s:47:19:54:Infinity":22,"s:56:2:141:Infinity":23,"b:68:11:68:32:68:32:68:Infinity:69:12:69:Infinity":3,"f:84:22:84:23":4,"s:85:10:97:Infinity":24,"f:88:23:88:24":5,"s:88:35:92:Infinity":25,"b:91:27:91:56:91:56:91:Infinity":4,"b:105:11:105:32:105:32:105:Infinity:106:12:106:Infinity":5,"f:110:24:110:25":6,"s:111:12:125:Infinity":26,"f:114:25:114:26":7,"s:114:37:120:Infinity":27,"b:118:22:118:Infinity:119:22:119:Infinity":6}}}
,"D:\\projects\\one-piece\\src\\components\\ProtectedRoute.tsx": {"path":"D:\\projects\\one-piece\\src\\components\\ProtectedRoute.tsx","statementMap":{"0":{"start":{"line":11,"column":54},"end":{"line":62,"column":null}},"1":{"start":{"line":12,"column":44},"end":{"line":12,"column":null}},"2":{"start":{"line":13,"column":8},"end":{"line":13,"column":null}},"3":{"start":{"line":14,"column":38},"end":{"line":14,"column":null}},"4":{"start":{"line":15,"column":38},"end":{"line":15,"column":null}},"5":{"start":{"line":17,"column":2},"end":{"line":38,"column":null}},"6":{"start":{"line":18,"column":31},"end":{"line":36,"column":null}},"7":{"start":{"line":19,"column":6},"end":{"line":22,"column":null}},"8":{"start":{"line":20,"column":8},"end":{"line":20,"column":null}},"9":{"start":{"line":21,"column":8},"end":{"line":21,"column":null}},"10":{"start":{"line":24,"column":6},"end":{"line":35,"column":null}},"11":{"start":{"line":25,"column":27},"end":{"line":28,"column":null}},"12":{"start":{"line":29,"column":8},"end":{"line":29,"column":null}},"13":{"start":{"line":31,"column":8},"end":{"line":31,"column":null}},"14":{"start":{"line":32,"column":8},"end":{"line":32,"column":null}},"15":{"start":{"line":34,"column":8},"end":{"line":34,"column":null}},"16":{"start":{"line":37,"column":4},"end":{"line":37,"column":null}},"17":{"start":{"line":40,"column":2},"end":{"line":46,"column":null}},"18":{"start":{"line":41,"column":4},"end":{"line":44,"column":null}},"19":{"start":{"line":48,"column":2},"end":{"line":50,"column":null}},"20":{"start":{"line":49,"column":4},"end":{"line":49,"column":null}},"21":{"start":{"line":53,"column":2},"end":{"line":55,"column":null}},"22":{"start":{"line":54,"column":4},"end":{"line":54,"column":null}},"23":{"start":{"line":57,"column":2},"end":{"line":59,"column":null}},"24":{"start":{"line":58,"column":4},"end":{"line":58,"column":null}},"25":{"start":{"line":61,"column":2},"end":{"line":61,"column":null}}},"fnMap":{"0":{"name":"(anonymous_0)","decl":{"start":{"line":11,"column":54},"end":{"line":11,"column":55}},"loc":{"start":{"line":11,"column":98},"end":{"line":62,"column":null}},"line":11},"1":{"name":"(anonymous_1)","decl":{"start":{"line":17,"column":12},"end":{"line":17,"column":18}},"loc":{"start":{"line":17,"column":18},"end":{"line":38,"column":5}},"line":17},"2":{"name":"(anonymous_2)","decl":{"start":{"line":18,"column":31},"end":{"line":18,"column":43}},"loc":{"start":{"line":18,"column":43},"end":{"line":36,"column":null}},"line":18}},"branchMap":{"0":{"loc":{"start":{"line":11,"column":67},"end":{"line":11,"column":92}},"type":"default-arg","locations":[{"start":{"line":11,"column":86},"end":{"line":11,"column":92}}],"line":11},"1":{"loc":{"start":{"line":19,"column":6},"end":{"line":22,"column":null}},"type":"if","locations":[{"start":{"line":19,"column":6},"end":{"line":22,"column":null}},{"start":{},"end":{}}],"line":19},"2":{"loc":{"start":{"line":40,"column":2},"end":{"line":46,"column":null}},"type":"if","locations":[{"start":{"line":40,"column":2},"end":{"line":46,"column":null}},{"start":{},"end":{}}],"line":40},"3":{"loc":{"start":{"line":40,"column":6},"end":{"line":40,"column":31}},"type":"binary-expr","locations":[{"start":{"line":40,"column":6},"end":{"line":40,"column":17}},{"start":{"line":40,"column":17},"end":{"line":40,"column":31}}],"line":40},"4":{"loc":{"start":{"line":48,"column":2},"end":{"line":50,"column":null}},"type":"if","locations":[{"start":{"line":48,"column":2},"end":{"line":50,"column":null}},{"start":{},"end":{}}],"line":48},"5":{"loc":{"start":{"line":53,"column":2},"end":{"line":55,"column":null}},"type":"if","locations":[{"start":{"line":53,"column":2},"end":{"line":55,"column":null}},{"start":{},"end":{}}],"line":53},"6":{"loc":{"start":{"line":57,"column":2},"end":{"line":59,"column":null}},"type":"if","locations":[{"start":{"line":57,"column":2},"end":{"line":59,"column":null}},{"start":{},"end":{}}],"line":57},"7":{"loc":{"start":{"line":57,"column":6},"end":{"line":57,"column":53}},"type":"binary-expr","locations":[{"start":{"line":57,"column":6},"end":{"line":57,"column":26}},{"start":{"line":57,"column":26},"end":{"line":57,"column":53}}],"line":57}},"s":{"0":0,"1":0,"2":0,"3":0,"4":0,"5":0,"6":0,"7":0,"8":0,"9":0,"10":0,"11":0,"12":0,"13":0,"14":0,"15":0,"16":0,"17":0,"18":0,"19":0,"20":0,"21":0,"22":0,"23":0,"24":0,"25":0},"f":{"0":0,"1":0,"2":0},"b":{"0":[0],"1":[0,0],"2":[0,0],"3":[0,0],"4":[0,0],"5":[0,0],"6":[0,0],"7":[0,0]},"meta":{"lastBranch":8,"lastFunction":3,"lastStatement":26,"seen":{"s:11:54:62:Infinity":0,"f:11:54:11:55":0,"b:11:86:11:92":0,"s:12:44:12:Infinity":1,"s:13:8:13:Infinity":2,"s:14:38:14:Infinity":3,"s:15:38:15:Infinity":4,"s:17:2:38:Infinity":5,"f:17:12:17:18":1,"s:18:31:36:Infinity":6,"f:18:31:18:43":2,"b:19:6:22:Infinity:undefined:undefined:undefined:undefined":1,"s:19:6:22:Infinity":7,"s:20:8:20:Infinity":8,"s:21:8:21:Infinity":9,"s:24:6:35:Infinity":10,"s:25:27:28:Infinity":11,"s:29:8:29:Infinity":12,"s:31:8:31:Infinity":13,"s:32:8:32:Infinity":14,"s:34:8:34:Infinity":15,"s:37:4:37:Infinity":16,"b:40:2:46:Infinity:undefined:undefined:undefined:undefined":2,"s:40:2:46:Infinity":17,"b:40:6:40:17:40:17:40:31":3,"s:41:4:44:Infinity":18,"b:48:2:50:Infinity:undefined:undefined:undefined:undefined":4,"s:48:2:50:Infinity":19,"s:49:4:49:Infinity":20,"b:53:2:55:Infinity:undefined:undefined:undefined:undefined":5,"s:53:2:55:Infinity":21,"s:54:4:54:Infinity":22,"b:57:2:59:Infinity:undefined:undefined:undefined:undefined":6,"s:57:2:59:Infinity":23,"b:57:6:57:26:57:26:57:53":7,"s:58:4:58:Infinity":24,"s:61:2:61:Infinity":25}}}
,"D:\\projects\\one-piece\\src\\components\\accounts\\AccountDetailView.tsx": {"path":"D:\\projects\\one-piece\\src\\components\\accounts\\AccountDetailView.tsx","statementMap":{"0":{"start":{"line":48,"column":60},"end":{"line":373,"column":null}},"1":{"start":{"line":49,"column":32},"end":{"line":49,"column":null}},"2":{"start":{"line":50,"column":28},"end":{"line":50,"column":null}},"3":{"start":{"line":51,"column":44},"end":{"line":51,"column":null}},"4":{"start":{"line":52,"column":34},"end":{"line":52,"column":null}},"5":{"start":{"line":53,"column":30},"end":{"line":53,"column":null}},"6":{"start":{"line":54,"column":32},"end":{"line":54,"column":null}},"7":{"start":{"line":56,"column":2},"end":{"line":70,"column":null}},"8":{"start":{"line":57,"column":26},"end":{"line":67,"column":null}},"9":{"start":{"line":58,"column":6},"end":{"line":66,"column":null}},"10":{"start":{"line":59,"column":8},"end":{"line":59,"column":null}},"11":{"start":{"line":60,"column":30},"end":{"line":60,"column":null}},"12":{"start":{"line":61,"column":8},"end":{"line":61,"column":null}},"13":{"start":{"line":63,"column":8},"end":{"line":63,"column":null}},"14":{"start":{"line":65,"column":8},"end":{"line":65,"column":null}},"15":{"start":{"line":69,"column":4},"end":{"line":69,"column":null}},"16":{"start":{"line":72,"column":29},"end":{"line":77,"column":null}},"17":{"start":{"line":73,"column":4},"end":{"line":73,"column":null}},"18":{"start":{"line":74,"column":4},"end":{"line":74,"column":null}},"19":{"start":{"line":75,"column":4},"end":{"line":75,"column":null}},"20":{"start":{"line":76,"column":4},"end":{"line":76,"column":null}},"21":{"start":{"line":79,"column":29},"end":{"line":97,"column":null}},"22":{"start":{"line":80,"column":4},"end":{"line":80,"column":null}},"23":{"start":{"line":80,"column":26},"end":{"line":80,"column":null}},"24":{"start":{"line":82,"column":4},"end":{"line":96,"column":null}},"25":{"start":{"line":83,"column":6},"end":{"line":87,"column":null}},"26":{"start":{"line":90,"column":28},"end":{"line":90,"column":null}},"27":{"start":{"line":91,"column":6},"end":{"line":91,"column":null}},"28":{"start":{"line":92,"column":6},"end":{"line":92,"column":null}},"29":{"start":{"line":94,"column":6},"end":{"line":94,"column":null}},"30":{"start":{"line":95,"column":6},"end":{"line":95,"column":null}},"31":{"start":{"line":99,"column":31},"end":{"line":112,"column":null}},"32":{"start":{"line":100,"column":4},"end":{"line":100,"column":null}},"33":{"start":{"line":100,"column":68},"end":{"line":100,"column":null}},"34":{"start":{"line":102,"column":4},"end":{"line":111,"column":null}},"35":{"start":{"line":103,"column":6},"end":{"line":103,"column":null}},"36":{"start":{"line":106,"column":28},"end":{"line":106,"column":null}},"37":{"start":{"line":107,"column":6},"end":{"line":107,"column":null}},"38":{"start":{"line":109,"column":6},"end":{"line":109,"column":null}},"39":{"start":{"line":110,"column":6},"end":{"line":110,"column":null}},"40":{"start":{"line":114,"column":2},"end":{"line":124,"column":null}},"41":{"start":{"line":115,"column":4},"end":{"line":122,"column":null}},"42":{"start":{"line":127,"column":38},"end":{"line":133,"column":null}},"43":{"start":{"line":128,"column":24},"end":{"line":132,"column":6}},"44":{"start":{"line":133,"column":20},"end":{"line":133,"column":55}},"45":{"start":{"line":137,"column":4},"end":{"line":137,"column":null}},"46":{"start":{"line":139,"column":4},"end":{"line":141,"column":null}},"47":{"start":{"line":143,"column":2},"end":{"line":371,"column":null}},"48":{"start":{"line":208,"column":44},"end":{"line":208,"column":null}},"49":{"start":{"line":213,"column":34},"end":{"line":213,"column":null}},"50":{"start":{"line":216,"column":30},"end":{"line":216,"column":null}},"51":{"start":{"line":264,"column":20},"end":{"line":264,"column":null}},"52":{"start":{"line":264,"column":43},"end":{"line":264,"column":null}},"53":{"start":{"line":265,"column":20},"end":{"line":265,"column":null}},"54":{"start":{"line":268,"column":45},"end":{"line":268,"column":null}},"55":{"start":{"line":269,"column":35},"end":{"line":269,"column":null}},"56":{"start":{"line":270,"column":20},"end":{"line":316,"column":null}},"57":{"start":{"line":300,"column":45},"end":{"line":300,"column":null}},"58":{"start":{"line":309,"column":45},"end":{"line":309,"column":null}},"59":{"start":{"line":326,"column":63},"end":{"line":326,"column":null}},"60":{"start":{"line":338,"column":33},"end":{"line":338,"column":null}},"61":{"start":{"line":349,"column":33},"end":{"line":349,"column":null}},"62":{"start":{"line":359,"column":33},"end":{"line":359,"column":null}},"63":{"start":{"line":364,"column":53},"end":{"line":364,"column":79}}},"fnMap":{"0":{"name":"(anonymous_0)","decl":{"start":{"line":48,"column":60},"end":{"line":48,"column":61}},"loc":{"start":{"line":48,"column":98},"end":{"line":373,"column":null}},"line":48},"1":{"name":"(anonymous_1)","decl":{"start":{"line":56,"column":12},"end":{"line":56,"column":18}},"loc":{"start":{"line":56,"column":18},"end":{"line":70,"column":5}},"line":56},"2":{"name":"(anonymous_2)","decl":{"start":{"line":57,"column":26},"end":{"line":57,"column":38}},"loc":{"start":{"line":57,"column":38},"end":{"line":67,"column":null}},"line":57},"3":{"name":"(anonymous_3)","decl":{"start":{"line":72,"column":29},"end":{"line":72,"column":30}},"loc":{"start":{"line":72,"column":60},"end":{"line":77,"column":null}},"line":72},"4":{"name":"(anonymous_4)","decl":{"start":{"line":79,"column":29},"end":{"line":79,"column":41}},"loc":{"start":{"line":79,"column":41},"end":{"line":97,"column":null}},"line":79},"5":{"name":"(anonymous_5)","decl":{"start":{"line":99,"column":31},"end":{"line":99,"column":38}},"loc":{"start":{"line":99,"column":61},"end":{"line":112,"column":null}},"line":99},"6":{"name":"(anonymous_6)","decl":{"start":{"line":128,"column":9},"end":{"line":128,"column":10}},"loc":{"start":{"line":128,"column":24},"end":{"line":132,"column":6}},"line":128},"7":{"name":"(anonymous_7)","decl":{"start":{"line":133,"column":10},"end":{"line":133,"column":11}},"loc":{"start":{"line":133,"column":20},"end":{"line":133,"column":55}},"line":133},"8":{"name":"(anonymous_8)","decl":{"start":{"line":208,"column":33},"end":{"line":208,"column":34}},"loc":{"start":{"line":208,"column":44},"end":{"line":208,"column":null}},"line":208},"9":{"name":"(anonymous_9)","decl":{"start":{"line":213,"column":33},"end":{"line":213,"column":34}},"loc":{"start":{"line":213,"column":34},"end":{"line":213,"column":null}},"line":213},"10":{"name":"(anonymous_10)","decl":{"start":{"line":216,"column":29},"end":{"line":216,"column":30}},"loc":{"start":{"line":216,"column":30},"end":{"line":216,"column":null}},"line":216},"11":{"name":"(anonymous_11)","decl":{"start":{"line":263,"column":24},"end":{"line":263,"column":25}},"loc":{"start":{"line":263,"column":34},"end":{"line":266,"column":19}},"line":263},"12":{"name":"(anonymous_12)","decl":{"start":{"line":267,"column":23},"end":{"line":267,"column":24}},"loc":{"start":{"line":267,"column":49},"end":{"line":318,"column":19}},"line":267},"13":{"name":"(anonymous_13)","decl":{"start":{"line":300,"column":39},"end":{"line":300,"column":45}},"loc":{"start":{"line":300,"column":45},"end":{"line":300,"column":null}},"line":300},"14":{"name":"(anonymous_14)","decl":{"start":{"line":309,"column":39},"end":{"line":309,"column":45}},"loc":{"start":{"line":309,"column":45},"end":{"line":309,"column":null}},"line":309},"15":{"name":"(anonymous_15)","decl":{"start":{"line":326,"column":53},"end":{"line":326,"column":54}},"loc":{"start":{"line":326,"column":63},"end":{"line":326,"column":null}},"line":326},"16":{"name":"(anonymous_16)","decl":{"start":{"line":338,"column":26},"end":{"line":338,"column":27}},"loc":{"start":{"line":338,"column":33},"end":{"line":338,"column":null}},"line":338},"17":{"name":"(anonymous_17)","decl":{"start":{"line":349,"column":26},"end":{"line":349,"column":27}},"loc":{"start":{"line":349,"column":33},"end":{"line":349,"column":null}},"line":349},"18":{"name":"(anonymous_18)","decl":{"start":{"line":359,"column":26},"end":{"line":359,"column":27}},"loc":{"start":{"line":359,"column":33},"end":{"line":359,"column":null}},"line":359},"19":{"name":"(anonymous_19)","decl":{"start":{"line":364,"column":47},"end":{"line":364,"column":53}},"loc":{"start":{"line":364,"column":53},"end":{"line":364,"column":79}},"line":364}},"branchMap":{"0":{"loc":{"start":{"line":80,"column":4},"end":{"line":80,"column":null}},"type":"if","locations":[{"start":{"line":80,"column":4},"end":{"line":80,"column":null}},{"start":{},"end":{}}],"line":80},"1":{"loc":{"start":{"line":100,"column":4},"end":{"line":100,"column":null}},"type":"if","locations":[{"start":{"line":100,"column":4},"end":{"line":100,"column":null}},{"start":{},"end":{}}],"line":100},"2":{"loc":{"start":{"line":114,"column":2},"end":{"line":124,"column":null}},"type":"if","locations":[{"start":{"line":114,"column":2},"end":{"line":124,"column":null}},{"start":{},"end":{}}],"line":114},"3":{"loc":{"start":{"line":137,"column":4},"end":{"line":137,"column":null}},"type":"cond-expr","locations":[{"start":{"line":137,"column":28},"end":{"line":137,"column":91}},{"start":{"line":137,"column":91},"end":{"line":137,"column":null}}],"line":137},"4":{"loc":{"start":{"line":139,"column":4},"end":{"line":141,"column":null}},"type":"cond-expr","locations":[{"start":{"line":139,"column":53},"end":{"line":140,"column":null}},{"start":{"line":141,"column":8},"end":{"line":141,"column":null}}],"line":139},"5":{"loc":{"start":{"line":139,"column":4},"end":{"line":139,"column":null}},"type":"binary-expr","locations":[{"start":{"line":139,"column":4},"end":{"line":139,"column":29}},{"start":{"line":139,"column":29},"end":{"line":139,"column":null}}],"line":139},"6":{"loc":{"start":{"line":159,"column":13},"end":{"line":163,"column":null}},"type":"binary-expr","locations":[{"start":{"line":159,"column":13},"end":{"line":159,"column":null}},{"start":{"line":160,"column":14},"end":{"line":163,"column":null}}],"line":159},"7":{"loc":{"start":{"line":169,"column":11},"end":{"line":189,"column":null}},"type":"binary-expr","locations":[{"start":{"line":169,"column":11},"end":{"line":169,"column":null}},{"start":{"line":170,"column":12},"end":{"line":189,"column":null}}],"line":169},"8":{"loc":{"start":{"line":172,"column":17},"end":{"line":179,"column":null}},"type":"cond-expr","locations":[{"start":{"line":173,"column":18},"end":{"line":173,"column":null}},{"start":{"line":175,"column":18},"end":{"line":179,"column":null}}],"line":172},"9":{"loc":{"start":{"line":181,"column":48},"end":{"line":181,"column":94}},"type":"cond-expr","locations":[{"start":{"line":181,"column":61},"end":{"line":181,"column":80}},{"start":{"line":181,"column":80},"end":{"line":181,"column":94}}],"line":181},"10":{"loc":{"start":{"line":182,"column":19},"end":{"line":182,"column":null}},"type":"cond-expr","locations":[{"start":{"line":182,"column":32},"end":{"line":182,"column":38}},{"start":{"line":182,"column":38},"end":{"line":182,"column":null}}],"line":182},"11":{"loc":{"start":{"line":195,"column":7},"end":{"line":236,"column":null}},"type":"binary-expr","locations":[{"start":{"line":195,"column":7},"end":{"line":195,"column":null}},{"start":{"line":196,"column":8},"end":{"line":236,"column":null}}],"line":195},"12":{"loc":{"start":{"line":246,"column":11},"end":{"line":320,"column":null}},"type":"cond-expr","locations":[{"start":{"line":247,"column":12},"end":{"line":249,"column":null}},{"start":{"line":251,"column":12},"end":{"line":320,"column":null}}],"line":246},"13":{"loc":{"start":{"line":264,"column":20},"end":{"line":264,"column":null}},"type":"if","locations":[{"start":{"line":264,"column":20},"end":{"line":264,"column":null}},{"start":{},"end":{}}],"line":264},"14":{"loc":{"start":{"line":269,"column":35},"end":{"line":269,"column":null}},"type":"cond-expr","locations":[{"start":{"line":269,"column":54},"end":{"line":269,"column":98}},{"start":{"line":269,"column":98},"end":{"line":269,"column":null}}],"line":269},"15":{"loc":{"start":{"line":279,"column":27},"end":{"line":288,"column":null}},"type":"cond-expr","locations":[{"start":{"line":280,"column":28},"end":{"line":286,"column":null}},{"start":{"line":288,"column":28},"end":{"line":288,"column":null}}],"line":279},"16":{"loc":{"start":{"line":281,"column":56},"end":{"line":281,"column":null}},"type":"cond-expr","locations":[{"start":{"line":281,"column":70},"end":{"line":281,"column":89}},{"start":{"line":281,"column":89},"end":{"line":281,"column":null}}],"line":281},"17":{"loc":{"start":{"line":284,"column":31},"end":{"line":284,"column":null}},"type":"cond-expr","locations":[{"start":{"line":284,"column":45},"end":{"line":284,"column":51}},{"start":{"line":284,"column":51},"end":{"line":284,"column":null}}],"line":284},"18":{"loc":{"start":{"line":326,"column":63},"end":{"line":326,"column":null}},"type":"binary-expr","locations":[{"start":{"line":326,"column":63},"end":{"line":326,"column":72}},{"start":{"line":326,"column":72},"end":{"line":326,"column":null}}],"line":326}},"s":{"0":0,"1":0,"2":0,"3":0,"4":0,"5":0,"6":0,"7":0,"8":0,"9":0,"10":0,"11":0,"12":0,"13":0,"14":0,"15":0,"16":0,"17":0,"18":0,"19":0,"20":0,"21":0,"22":0,"23":0,"24":0,"25":0,"26":0,"27":0,"28":0,"29":0,"30":0,"31":0,"32":0,"33":0,"34":0,"35":0,"36":0,"37":0,"38":0,"39":0,"40":0,"41":0,"42":0,"43":0,"44":0,"45":0,"46":0,"47":0,"48":0,"49":0,"50":0,"51":0,"52":0,"53":0,"54":0,"55":0,"56":0,"57":0,"58":0,"59":0,"60":0,"61":0,"62":0,"63":0},"f":{"0":0,"1":0,"2":0,"3":0,"4":0,"5":0,"6":0,"7":0,"8":0,"9":0,"10":0,"11":0,"12":0,"13":0,"14":0,"15":0,"16":0,"17":0,"18":0,"19":0},"b":{"0":[0,0],"1":[0,0],"2":[0,0],"3":[0,0],"4":[0,0],"5":[0,0],"6":[0,0],"7":[0,0],"8":[0,0],"9":[0,0],"10":[0,0],"11":[0,0],"12":[0,0],"13":[0,0],"14":[0,0],"15":[0,0],"16":[0,0],"17":[0,0],"18":[0,0]},"meta":{"lastBranch":19,"lastFunction":20,"lastStatement":64,"seen":{"s:48:60:373:Infinity":0,"f:48:60:48:61":0,"s:49:32:49:Infinity":1,"s:50:28:50:Infinity":2,"s:51:44:51:Infinity":3,"s:52:34:52:Infinity":4,"s:53:30:53:Infinity":5,"s:54:32:54:Infinity":6,"s:56:2:70:Infinity":7,"f:56:12:56:18":1,"s:57:26:67:Infinity":8,"f:57:26:57:38":2,"s:58:6:66:Infinity":9,"s:59:8:59:Infinity":10,"s:60:30:60:Infinity":11,"s:61:8:61:Infinity":12,"s:63:8:63:Infinity":13,"s:65:8:65:Infinity":14,"s:69:4:69:Infinity":15,"s:72:29:77:Infinity":16,"f:72:29:72:30":3,"s:73:4:73:Infinity":17,"s:74:4:74:Infinity":18,"s:75:4:75:Infinity":19,"s:76:4:76:Infinity":20,"s:79:29:97:Infinity":21,"f:79:29:79:41":4,"b:80:4:80:Infinity:undefined:undefined:undefined:undefined":0,"s:80:4:80:Infinity":22,"s:80:26:80:Infinity":23,"s:82:4:96:Infinity":24,"s:83:6:87:Infinity":25,"s:90:28:90:Infinity":26,"s:91:6:91:Infinity":27,"s:92:6:92:Infinity":28,"s:94:6:94:Infinity":29,"s:95:6:95:Infinity":30,"s:99:31:112:Infinity":31,"f:99:31:99:38":5,"b:100:4:100:Infinity:undefined:undefined:undefined:undefined":1,"s:100:4:100:Infinity":32,"s:100:68:100:Infinity":33,"s:102:4:111:Infinity":34,"s:103:6:103:Infinity":35,"s:106:28:106:Infinity":36,"s:107:6:107:Infinity":37,"s:109:6:109:Infinity":38,"s:110:6:110:Infinity":39,"b:114:2:124:Infinity:undefined:undefined:undefined:undefined":2,"s:114:2:124:Infinity":40,"s:115:4:122:Infinity":41,"s:127:38:133:Infinity":42,"f:128:9:128:10":6,"s:128:24:132:6":43,"f:133:10:133:11":7,"s:133:20:133:55":44,"s:137:4:137:Infinity":45,"b:137:28:137:91:137:91:137:Infinity":3,"s:139:4:141:Infinity":46,"b:139:53:140:Infinity:141:8:141:Infinity":4,"b:139:4:139:29:139:29:139:Infinity":5,"s:143:2:371:Infinity":47,"b:159:13:159:Infinity:160:14:163:Infinity":6,"b:169:11:169:Infinity:170:12:189:Infinity":7,"b:173:18:173:Infinity:175:18:179:Infinity":8,"b:181:61:181:80:181:80:181:94":9,"b:182:32:182:38:182:38:182:Infinity":10,"b:195:7:195:Infinity:196:8:236:Infinity":11,"f:208:33:208:34":8,"s:208:44:208:Infinity":48,"f:213:33:213:34":9,"s:213:34:213:Infinity":49,"f:216:29:216:30":10,"s:216:30:216:Infinity":50,"b:247:12:249:Infinity:251:12:320:Infinity":12,"f:263:24:263:25":11,"b:264:20:264:Infinity:undefined:undefined:undefined:undefined":13,"s:264:20:264:Infinity":51,"s:264:43:264:Infinity":52,"s:265:20:265:Infinity":53,"f:267:23:267:24":12,"s:268:45:268:Infinity":54,"s:269:35:269:Infinity":55,"b:269:54:269:98:269:98:269:Infinity":14,"s:270:20:316:Infinity":56,"b:280:28:286:Infinity:288:28:288:Infinity":15,"b:281:70:281:89:281:89:281:Infinity":16,"b:284:45:284:51:284:51:284:Infinity":17,"f:300:39:300:45":13,"s:300:45:300:Infinity":57,"f:309:39:309:45":14,"s:309:45:309:Infinity":58,"f:326:53:326:54":15,"s:326:63:326:Infinity":59,"b:326:63:326:72:326:72:326:Infinity":18,"f:338:26:338:27":16,"s:338:33:338:Infinity":60,"f:349:26:349:27":17,"s:349:33:349:Infinity":61,"f:359:26:359:27":18,"s:359:33:359:Infinity":62,"f:364:47:364:53":19,"s:364:53:364:79":63}}}
,"D:\\projects\\one-piece\\src\\components\\accounts\\AccountForm.tsx": {"path":"D:\\projects\\one-piece\\src\\components\\accounts\\AccountForm.tsx","statementMap":{"0":{"start":{"line":30,"column":76},"end":{"line":35,"column":null}},"1":{"start":{"line":37,"column":48},"end":{"line":156,"column":null}},"2":{"start":{"line":38,"column":22},"end":{"line":38,"column":null}},"3":{"start":{"line":39,"column":22},"end":{"line":39,"column":null}},"4":{"start":{"line":40,"column":30},"end":{"line":40,"column":null}},"5":{"start":{"line":41,"column":28},"end":{"line":41,"column":null}},"6":{"start":{"line":42,"column":24},"end":{"line":42,"column":null}},"7":{"start":{"line":44,"column":2},"end":{"line":50,"column":null}},"8":{"start":{"line":45,"column":4},"end":{"line":49,"column":null}},"9":{"start":{"line":46,"column":6},"end":{"line":46,"column":null}},"10":{"start":{"line":47,"column":6},"end":{"line":47,"column":null}},"11":{"start":{"line":48,"column":6},"end":{"line":48,"column":null}},"12":{"start":{"line":52,"column":23},"end":{"line":81,"column":null}},"13":{"start":{"line":53,"column":4},"end":{"line":53,"column":null}},"14":{"start":{"line":54,"column":4},"end":{"line":54,"column":null}},"15":{"start":{"line":56,"column":4},"end":{"line":59,"column":null}},"16":{"start":{"line":57,"column":6},"end":{"line":57,"column":null}},"17":{"start":{"line":58,"column":6},"end":{"line":58,"column":null}},"18":{"start":{"line":61,"column":4},"end":{"line":61,"column":null}},"19":{"start":{"line":63,"column":4},"end":{"line":80,"column":null}},"20":{"start":{"line":64,"column":6},"end":{"line":68,"column":null}},"21":{"start":{"line":71,"column":6},"end":{"line":71,"column":null}},"22":{"start":{"line":72,"column":6},"end":{"line":72,"column":null}},"23":{"start":{"line":73,"column":6},"end":{"line":73,"column":null}},"24":{"start":{"line":74,"column":6},"end":{"line":74,"column":null}},"25":{"start":{"line":76,"column":20},"end":{"line":76,"column":null}},"26":{"start":{"line":77,"column":6},"end":{"line":77,"column":null}},"27":{"start":{"line":79,"column":6},"end":{"line":79,"column":null}},"28":{"start":{"line":83,"column":2},"end":{"line":154,"column":null}},"29":{"start":{"line":84,"column":50},"end":{"line":84,"column":null}},"30":{"start":{"line":104,"column":31},"end":{"line":104,"column":null}},"31":{"start":{"line":113,"column":16},"end":{"line":122,"column":null}},"32":{"start":{"line":117,"column":33},"end":{"line":117,"column":null}}},"fnMap":{"0":{"name":"(anonymous_0)","decl":{"start":{"line":37,"column":48},"end":{"line":37,"column":49}},"loc":{"start":{"line":37,"column":96},"end":{"line":156,"column":null}},"line":37},"1":{"name":"(anonymous_1)","decl":{"start":{"line":44,"column":12},"end":{"line":44,"column":18}},"loc":{"start":{"line":44,"column":18},"end":{"line":50,"column":5}},"line":44},"2":{"name":"(anonymous_2)","decl":{"start":{"line":52,"column":23},"end":{"line":52,"column":30}},"loc":{"start":{"line":52,"column":53},"end":{"line":81,"column":null}},"line":52},"3":{"name":"(anonymous_3)","decl":{"start":{"line":84,"column":40},"end":{"line":84,"column":41}},"loc":{"start":{"line":84,"column":50},"end":{"line":84,"column":null}},"line":84},"4":{"name":"(anonymous_4)","decl":{"start":{"line":104,"column":24},"end":{"line":104,"column":25}},"loc":{"start":{"line":104,"column":31},"end":{"line":104,"column":null}},"line":104},"5":{"name":"(anonymous_5)","decl":{"start":{"line":112,"column":32},"end":{"line":112,"column":33}},"loc":{"start":{"line":113,"column":16},"end":{"line":122,"column":null}},"line":113},"6":{"name":"(anonymous_6)","decl":{"start":{"line":117,"column":27},"end":{"line":117,"column":33}},"loc":{"start":{"line":117,"column":33},"end":{"line":117,"column":null}},"line":117}},"branchMap":{"0":{"loc":{"start":{"line":38,"column":35},"end":{"line":38,"column":58}},"type":"binary-expr","locations":[{"start":{"line":38,"column":35},"end":{"line":38,"column":56}},{"start":{"line":38,"column":56},"end":{"line":38,"column":58}}],"line":38},"1":{"loc":{"start":{"line":39,"column":48},"end":{"line":39,"column":75}},"type":"binary-expr","locations":[{"start":{"line":39,"column":48},"end":{"line":39,"column":69}},{"start":{"line":39,"column":69},"end":{"line":39,"column":75}}],"line":39},"2":{"loc":{"start":{"line":40,"column":43},"end":{"line":40,"column":73}},"type":"binary-expr","locations":[{"start":{"line":40,"column":43},"end":{"line":40,"column":68}},{"start":{"line":40,"column":68},"end":{"line":40,"column":73}}],"line":40},"3":{"loc":{"start":{"line":45,"column":4},"end":{"line":49,"column":null}},"type":"if","locations":[{"start":{"line":45,"column":4},"end":{"line":49,"column":null}},{"start":{},"end":{}}],"line":45},"4":{"loc":{"start":{"line":56,"column":4},"end":{"line":59,"column":null}},"type":"if","locations":[{"start":{"line":56,"column":4},"end":{"line":59,"column":null}},{"start":{},"end":{}}],"line":56},"5":{"loc":{"start":{"line":77,"column":15},"end":{"line":77,"column":56}},"type":"binary-expr","locations":[{"start":{"line":77,"column":15},"end":{"line":77,"column":32}},{"start":{"line":77,"column":32},"end":{"line":77,"column":56}}],"line":77},"6":{"loc":{"start":{"line":84,"column":50},"end":{"line":84,"column":null}},"type":"binary-expr","locations":[{"start":{"line":84,"column":50},"end":{"line":84,"column":59}},{"start":{"line":84,"column":59},"end":{"line":84,"column":null}}],"line":84},"7":{"loc":{"start":{"line":87,"column":24},"end":{"line":87,"column":69}},"type":"cond-expr","locations":[{"start":{"line":87,"column":38},"end":{"line":87,"column":55}},{"start":{"line":87,"column":55},"end":{"line":87,"column":69}}],"line":87},"8":{"loc":{"start":{"line":91,"column":11},"end":{"line":92,"column":null}},"type":"binary-expr","locations":[{"start":{"line":91,"column":11},"end":{"line":91,"column":null}},{"start":{"line":92,"column":12},"end":{"line":92,"column":null}}],"line":91},"9":{"loc":{"start":{"line":116,"column":27},"end":{"line":116,"column":null}},"type":"cond-expr","locations":[{"start":{"line":116,"column":56},"end":{"line":116,"column":68}},{"start":{"line":116,"column":68},"end":{"line":116,"column":null}}],"line":116},"10":{"loc":{"start":{"line":149,"column":15},"end":{"line":149,"column":null}},"type":"cond-expr","locations":[{"start":{"line":149,"column":25},"end":{"line":149,"column":39}},{"start":{"line":149,"column":39},"end":{"line":149,"column":null}}],"line":149}},"s":{"0":0,"1":0,"2":0,"3":0,"4":0,"5":0,"6":0,"7":0,"8":0,"9":0,"10":0,"11":0,"12":0,"13":0,"14":0,"15":0,"16":0,"17":0,"18":0,"19":0,"20":0,"21":0,"22":0,"23":0,"24":0,"25":0,"26":0,"27":0,"28":0,"29":0,"30":0,"31":0,"32":0},"f":{"0":0,"1":0,"2":0,"3":0,"4":0,"5":0,"6":0},"b":{"0":[0,0],"1":[0,0],"2":[0,0],"3":[0,0],"4":[0,0],"5":[0,0],"6":[0,0],"7":[0,0],"8":[0,0],"9":[0,0],"10":[0,0]},"meta":{"lastBranch":11,"lastFunction":7,"lastStatement":33,"seen":{"s:30:76:35:Infinity":0,"s:37:48:156:Infinity":1,"f:37:48:37:49":0,"s:38:22:38:Infinity":2,"b:38:35:38:56:38:56:38:58":0,"s:39:22:39:Infinity":3,"b:39:48:39:69:39:69:39:75":1,"s:40:30:40:Infinity":4,"b:40:43:40:68:40:68:40:73":2,"s:41:28:41:Infinity":5,"s:42:24:42:Infinity":6,"s:44:2:50:Infinity":7,"f:44:12:44:18":1,"b:45:4:49:Infinity:undefined:undefined:undefined:undefined":3,"s:45:4:49:Infinity":8,"s:46:6:46:Infinity":9,"s:47:6:47:Infinity":10,"s:48:6:48:Infinity":11,"s:52:23:81:Infinity":12,"f:52:23:52:30":2,"s:53:4:53:Infinity":13,"s:54:4:54:Infinity":14,"b:56:4:59:Infinity:undefined:undefined:undefined:undefined":4,"s:56:4:59:Infinity":15,"s:57:6:57:Infinity":16,"s:58:6:58:Infinity":17,"s:61:4:61:Infinity":18,"s:63:4:80:Infinity":19,"s:64:6:68:Infinity":20,"s:71:6:71:Infinity":21,"s:72:6:72:Infinity":22,"s:73:6:73:Infinity":23,"s:74:6:74:Infinity":24,"s:76:20:76:Infinity":25,"s:77:6:77:Infinity":26,"b:77:15:77:32:77:32:77:56":5,"s:79:6:79:Infinity":27,"s:83:2:154:Infinity":28,"f:84:40:84:41":3,"s:84:50:84:Infinity":29,"b:84:50:84:59:84:59:84:Infinity":6,"b:87:38:87:55:87:55:87:69":7,"b:91:11:91:Infinity:92:12:92:Infinity":8,"f:104:24:104:25":4,"s:104:31:104:Infinity":30,"f:112:32:112:33":5,"s:113:16:122:Infinity":31,"b:116:56:116:68:116:68:116:Infinity":9,"f:117:27:117:33":6,"s:117:33:117:Infinity":32,"b:149:25:149:39:149:39:149:Infinity":10}}}
,"D:\\projects\\one-piece\\src\\components\\accounts\\AccountSnapshotForm.tsx": {"path":"D:\\projects\\one-piece\\src\\components\\accounts\\AccountSnapshotForm.tsx","statementMap":{"0":{"start":{"line":33,"column":64},"end":{"line":234,"column":null}},"1":{"start":{"line":42,"column":22},"end":{"line":42,"column":null}},"2":{"start":{"line":43,"column":32},"end":{"line":43,"column":null}},"3":{"start":{"line":44,"column":22},"end":{"line":44,"column":null}},"4":{"start":{"line":45,"column":24},"end":{"line":45,"column":null}},"5":{"start":{"line":46,"column":26},"end":{"line":46,"column":null}},"6":{"start":{"line":47,"column":28},"end":{"line":47,"column":null}},"7":{"start":{"line":48,"column":24},"end":{"line":48,"column":null}},"8":{"start":{"line":49,"column":42},"end":{"line":49,"column":null}},"9":{"start":{"line":51,"column":8},"end":{"line":78,"column":null}},"10":{"start":{"line":52,"column":4},"end":{"line":52,"column":null}},"11":{"start":{"line":52,"column":20},"end":{"line":52,"column":null}},"12":{"start":{"line":54,"column":4},"end":{"line":77,"column":null}},"13":{"start":{"line":56,"column":21},"end":{"line":56,"column":null}},"14":{"start":{"line":57,"column":22},"end":{"line":57,"column":null}},"15":{"start":{"line":58,"column":6},"end":{"line":61,"column":null}},"16":{"start":{"line":59,"column":8},"end":{"line":59,"column":null}},"17":{"start":{"line":60,"column":8},"end":{"line":60,"column":null}},"18":{"start":{"line":63,"column":24},"end":{"line":68,"column":null}},"19":{"start":{"line":69,"column":6},"end":{"line":73,"column":null}},"20":{"start":{"line":70,"column":8},"end":{"line":70,"column":null}},"21":{"start":{"line":72,"column":8},"end":{"line":72,"column":null}},"22":{"start":{"line":75,"column":6},"end":{"line":75,"column":null}},"23":{"start":{"line":76,"column":6},"end":{"line":76,"column":null}},"24":{"start":{"line":80,"column":2},"end":{"line":84,"column":null}},"25":{"start":{"line":81,"column":4},"end":{"line":83,"column":null}},"26":{"start":{"line":82,"column":6},"end":{"line":82,"column":null}},"27":{"start":{"line":86,"column":2},"end":{"line":90,"column":null}},"28":{"start":{"line":87,"column":4},"end":{"line":89,"column":null}},"29":{"start":{"line":88,"column":6},"end":{"line":88,"column":null}},"30":{"start":{"line":92,"column":23},"end":{"line":127,"column":null}},"31":{"start":{"line":93,"column":4},"end":{"line":93,"column":null}},"32":{"start":{"line":94,"column":4},"end":{"line":94,"column":null}},"33":{"start":{"line":96,"column":4},"end":{"line":99,"column":null}},"34":{"start":{"line":97,"column":6},"end":{"line":97,"column":null}},"35":{"start":{"line":98,"column":6},"end":{"line":98,"column":null}},"36":{"start":{"line":101,"column":4},"end":{"line":104,"column":null}},"37":{"start":{"line":102,"column":6},"end":{"line":102,"column":null}},"38":{"start":{"line":103,"column":6},"end":{"line":103,"column":null}},"39":{"start":{"line":106,"column":4},"end":{"line":106,"column":null}},"40":{"start":{"line":108,"column":4},"end":{"line":126,"column":null}},"41":{"start":{"line":109,"column":6},"end":{"line":114,"column":null}},"42":{"start":{"line":117,"column":6},"end":{"line":117,"column":null}},"43":{"start":{"line":118,"column":6},"end":{"line":118,"column":null}},"44":{"start":{"line":119,"column":6},"end":{"line":119,"column":null}},"45":{"start":{"line":120,"column":6},"end":{"line":120,"column":null}},"46":{"start":{"line":122,"column":20},"end":{"line":122,"column":null}},"47":{"start":{"line":123,"column":6},"end":{"line":123,"column":null}},"48":{"start":{"line":125,"column":6},"end":{"line":125,"column":null}},"49":{"start":{"line":129,"column":26},"end":{"line":129,"column":null}},"50":{"start":{"line":129,"column":47},"end":{"line":129,"column":65}},"51":{"start":{"line":131,"column":2},"end":{"line":232,"column":null}},"52":{"start":{"line":132,"column":50},"end":{"line":132,"column":null}},"53":{"start":{"line":152,"column":18},"end":{"line":154,"column":null}},"54":{"start":{"line":171,"column":33},"end":{"line":171,"column":null}},"55":{"start":{"line":176,"column":71},"end":{"line":176,"column":null}},"56":{"start":{"line":181,"column":56},"end":{"line":181,"column":61}},"57":{"start":{"line":182,"column":20},"end":{"line":184,"column":null}},"58":{"start":{"line":218,"column":31},"end":{"line":218,"column":null}}},"fnMap":{"0":{"name":"(anonymous_0)","decl":{"start":{"line":33,"column":64},"end":{"line":33,"column":65}},"loc":{"start":{"line":41,"column":6},"end":{"line":234,"column":null}},"line":41},"1":{"name":"(anonymous_1)","decl":{"start":{"line":51,"column":41},"end":{"line":51,"column":53}},"loc":{"start":{"line":51,"column":53},"end":{"line":78,"column":5}},"line":51},"2":{"name":"(anonymous_2)","decl":{"start":{"line":80,"column":12},"end":{"line":80,"column":18}},"loc":{"start":{"line":80,"column":18},"end":{"line":84,"column":5}},"line":80},"3":{"name":"(anonymous_3)","decl":{"start":{"line":86,"column":12},"end":{"line":86,"column":18}},"loc":{"start":{"line":86,"column":18},"end":{"line":90,"column":5}},"line":86},"4":{"name":"(anonymous_4)","decl":{"start":{"line":92,"column":23},"end":{"line":92,"column":30}},"loc":{"start":{"line":92,"column":53},"end":{"line":127,"column":null}},"line":92},"5":{"name":"(anonymous_5)","decl":{"start":{"line":129,"column":40},"end":{"line":129,"column":41}},"loc":{"start":{"line":129,"column":47},"end":{"line":129,"column":65}},"line":129},"6":{"name":"(anonymous_6)","decl":{"start":{"line":132,"column":40},"end":{"line":132,"column":41}},"loc":{"start":{"line":132,"column":50},"end":{"line":132,"column":null}},"line":132},"7":{"name":"(anonymous_7)","decl":{"start":{"line":151,"column":30},"end":{"line":151,"column":31}},"loc":{"start":{"line":152,"column":18},"end":{"line":154,"column":null}},"line":152},"8":{"name":"(anonymous_8)","decl":{"start":{"line":171,"column":26},"end":{"line":171,"column":27}},"loc":{"start":{"line":171,"column":33},"end":{"line":171,"column":null}},"line":171},"9":{"name":"(anonymous_9)","decl":{"start":{"line":176,"column":62},"end":{"line":176,"column":63}},"loc":{"start":{"line":176,"column":71},"end":{"line":176,"column":null}},"line":176},"10":{"name":"(anonymous_10)","decl":{"start":{"line":181,"column":46},"end":{"line":181,"column":47}},"loc":{"start":{"line":181,"column":56},"end":{"line":181,"column":61}},"line":181},"11":{"name":"(anonymous_11)","decl":{"start":{"line":181,"column":67},"end":{"line":181,"column":68}},"loc":{"start":{"line":182,"column":20},"end":{"line":184,"column":null}},"line":182},"12":{"name":"(anonymous_12)","decl":{"start":{"line":218,"column":24},"end":{"line":218,"column":25}},"loc":{"start":{"line":218,"column":31},"end":{"line":218,"column":null}},"line":218}},"branchMap":{"0":{"loc":{"start":{"line":43,"column":45},"end":{"line":43,"column":67}},"type":"binary-expr","locations":[{"start":{"line":43,"column":45},"end":{"line":43,"column":65}},{"start":{"line":43,"column":65},"end":{"line":43,"column":67}}],"line":43},"1":{"loc":{"start":{"line":52,"column":4},"end":{"line":52,"column":null}},"type":"if","locations":[{"start":{"line":52,"column":4},"end":{"line":52,"column":null}},{"start":{},"end":{}}],"line":52},"2":{"loc":{"start":{"line":58,"column":6},"end":{"line":61,"column":null}},"type":"if","locations":[{"start":{"line":58,"column":6},"end":{"line":61,"column":null}},{"start":{},"end":{}}],"line":58},"3":{"loc":{"start":{"line":69,"column":6},"end":{"line":73,"column":null}},"type":"if","locations":[{"start":{"line":69,"column":6},"end":{"line":73,"column":null}},{"start":{"line":71,"column":13},"end":{"line":73,"column":null}}],"line":69},"4":{"loc":{"start":{"line":81,"column":4},"end":{"line":83,"column":null}},"type":"if","locations":[{"start":{"line":81,"column":4},"end":{"line":83,"column":null}},{"start":{},"end":{}}],"line":81},"5":{"loc":{"start":{"line":87,"column":4},"end":{"line":89,"column":null}},"type":"if","locations":[{"start":{"line":87,"column":4},"end":{"line":89,"column":null}},{"start":{},"end":{}}],"line":87},"6":{"loc":{"start":{"line":87,"column":8},"end":{"line":87,"column":36}},"type":"binary-expr","locations":[{"start":{"line":87,"column":8},"end":{"line":87,"column":21}},{"start":{"line":87,"column":21},"end":{"line":87,"column":29}},{"start":{"line":87,"column":29},"end":{"line":87,"column":36}}],"line":87},"7":{"loc":{"start":{"line":96,"column":4},"end":{"line":99,"column":null}},"type":"if","locations":[{"start":{"line":96,"column":4},"end":{"line":99,"column":null}},{"start":{},"end":{}}],"line":96},"8":{"loc":{"start":{"line":101,"column":4},"end":{"line":104,"column":null}},"type":"if","locations":[{"start":{"line":101,"column":4},"end":{"line":104,"column":null}},{"start":{},"end":{}}],"line":101},"9":{"loc":{"start":{"line":101,"column":8},"end":{"line":101,"column":43}},"type":"binary-expr","locations":[{"start":{"line":101,"column":8},"end":{"line":101,"column":19}},{"start":{"line":101,"column":19},"end":{"line":101,"column":43}}],"line":101},"10":{"loc":{"start":{"line":123,"column":15},"end":{"line":123,"column":59}},"type":"binary-expr","locations":[{"start":{"line":123,"column":15},"end":{"line":123,"column":32}},{"start":{"line":123,"column":32},"end":{"line":123,"column":59}}],"line":123},"11":{"loc":{"start":{"line":132,"column":50},"end":{"line":132,"column":null}},"type":"binary-expr","locations":[{"start":{"line":132,"column":50},"end":{"line":132,"column":59}},{"start":{"line":132,"column":59},"end":{"line":132,"column":null}}],"line":132},"12":{"loc":{"start":{"line":139,"column":11},"end":{"line":140,"column":null}},"type":"binary-expr","locations":[{"start":{"line":139,"column":11},"end":{"line":139,"column":null}},{"start":{"line":140,"column":12},"end":{"line":140,"column":null}}],"line":139},"13":{"loc":{"start":{"line":192,"column":11},"end":{"line":203,"column":null}},"type":"binary-expr","locations":[{"start":{"line":192,"column":11},"end":{"line":192,"column":38}},{"start":{"line":192,"column":38},"end":{"line":192,"column":null}},{"start":{"line":193,"column":12},"end":{"line":203,"column":null}}],"line":192},"14":{"loc":{"start":{"line":209,"column":23},"end":{"line":209,"column":null}},"type":"binary-expr","locations":[{"start":{"line":209,"column":23},"end":{"line":209,"column":42}},{"start":{"line":209,"column":42},"end":{"line":209,"column":null}}],"line":209},"15":{"loc":{"start":{"line":227,"column":15},"end":{"line":227,"column":null}},"type":"cond-expr","locations":[{"start":{"line":227,"column":25},"end":{"line":227,"column":39}},{"start":{"line":227,"column":39},"end":{"line":227,"column":null}}],"line":227}},"s":{"0":0,"1":0,"2":0,"3":0,"4":0,"5":0,"6":0,"7":0,"8":0,"9":0,"10":0,"11":0,"12":0,"13":0,"14":0,"15":0,"16":0,"17":0,"18":0,"19":0,"20":0,"21":0,"22":0,"23":0,"24":0,"25":0,"26":0,"27":0,"28":0,"29":0,"30":0,"31":0,"32":0,"33":0,"34":0,"35":0,"36":0,"37":0,"38":0,"39":0,"40":0,"41":0,"42":0,"43":0,"44":0,"45":0,"46":0,"47":0,"48":0,"49":0,"50":0,"51":0,"52":0,"53":0,"54":0,"55":0,"56":0,"57":0,"58":0},"f":{"0":0,"1":0,"2":0,"3":0,"4":0,"5":0,"6":0,"7":0,"8":0,"9":0,"10":0,"11":0,"12":0},"b":{"0":[0,0],"1":[0,0],"2":[0,0],"3":[0,0],"4":[0,0],"5":[0,0],"6":[0,0,0],"7":[0,0],"8":[0,0],"9":[0,0],"10":[0,0],"11":[0,0],"12":[0,0],"13":[0,0,0],"14":[0,0],"15":[0,0]},"meta":{"lastBranch":16,"lastFunction":13,"lastStatement":59,"seen":{"s:33:64:234:Infinity":0,"f:33:64:33:65":0,"s:42:22:42:Infinity":1,"s:43:32:43:Infinity":2,"b:43:45:43:65:43:65:43:67":0,"s:44:22:44:Infinity":3,"s:45:24:45:Infinity":4,"s:46:26:46:Infinity":5,"s:47:28:47:Infinity":6,"s:48:24:48:Infinity":7,"s:49:42:49:Infinity":8,"s:51:8:78:Infinity":9,"f:51:41:51:53":1,"b:52:4:52:Infinity:undefined:undefined:undefined:undefined":1,"s:52:4:52:Infinity":10,"s:52:20:52:Infinity":11,"s:54:4:77:Infinity":12,"s:56:21:56:Infinity":13,"s:57:22:57:Infinity":14,"b:58:6:61:Infinity:undefined:undefined:undefined:undefined":2,"s:58:6:61:Infinity":15,"s:59:8:59:Infinity":16,"s:60:8:60:Infinity":17,"s:63:24:68:Infinity":18,"b:69:6:73:Infinity:71:13:73:Infinity":3,"s:69:6:73:Infinity":19,"s:70:8:70:Infinity":20,"s:72:8:72:Infinity":21,"s:75:6:75:Infinity":22,"s:76:6:76:Infinity":23,"s:80:2:84:Infinity":24,"f:80:12:80:18":2,"b:81:4:83:Infinity:undefined:undefined:undefined:undefined":4,"s:81:4:83:Infinity":25,"s:82:6:82:Infinity":26,"s:86:2:90:Infinity":27,"f:86:12:86:18":3,"b:87:4:89:Infinity:undefined:undefined:undefined:undefined":5,"s:87:4:89:Infinity":28,"b:87:8:87:21:87:21:87:29:87:29:87:36":6,"s:88:6:88:Infinity":29,"s:92:23:127:Infinity":30,"f:92:23:92:30":4,"s:93:4:93:Infinity":31,"s:94:4:94:Infinity":32,"b:96:4:99:Infinity:undefined:undefined:undefined:undefined":7,"s:96:4:99:Infinity":33,"s:97:6:97:Infinity":34,"s:98:6:98:Infinity":35,"b:101:4:104:Infinity:undefined:undefined:undefined:undefined":8,"s:101:4:104:Infinity":36,"b:101:8:101:19:101:19:101:43":9,"s:102:6:102:Infinity":37,"s:103:6:103:Infinity":38,"s:106:4:106:Infinity":39,"s:108:4:126:Infinity":40,"s:109:6:114:Infinity":41,"s:117:6:117:Infinity":42,"s:118:6:118:Infinity":43,"s:119:6:119:Infinity":44,"s:120:6:120:Infinity":45,"s:122:20:122:Infinity":46,"s:123:6:123:Infinity":47,"b:123:15:123:32:123:32:123:59":10,"s:125:6:125:Infinity":48,"s:129:26:129:Infinity":49,"f:129:40:129:41":5,"s:129:47:129:65":50,"s:131:2:232:Infinity":51,"f:132:40:132:41":6,"s:132:50:132:Infinity":52,"b:132:50:132:59:132:59:132:Infinity":11,"b:139:11:139:Infinity:140:12:140:Infinity":12,"f:151:30:151:31":7,"s:152:18:154:Infinity":53,"f:171:26:171:27":8,"s:171:33:171:Infinity":54,"f:176:62:176:63":9,"s:176:71:176:Infinity":55,"f:181:46:181:47":10,"s:181:56:181:61":56,"f:181:67:181:68":11,"s:182:20:184:Infinity":57,"b:192:11:192:38:192:38:192:Infinity:193:12:203:Infinity":13,"b:209:23:209:42:209:42:209:Infinity":14,"f:218:24:218:25":12,"s:218:31:218:Infinity":58,"b:227:25:227:39:227:39:227:Infinity":15}}}
,"D:\\projects\\one-piece\\src\\components\\accounts\\AccountTrendChart.tsx": {"path":"D:\\projects\\one-piece\\src\\components\\accounts\\AccountTrendChart.tsx","statementMap":{"0":{"start":{"line":25,"column":15},"end":{"line":32,"column":null}},"1":{"start":{"line":34,"column":60},"end":{"line":94,"column":null}},"2":{"start":{"line":41,"column":4},"end":{"line":41,"column":null}},"3":{"start":{"line":43,"column":2},"end":{"line":92,"column":null}},"4":{"start":{"line":55,"column":26},"end":{"line":55,"column":null}},"5":{"start":{"line":79,"column":16},"end":{"line":87,"column":null}}},"fnMap":{"0":{"name":"(anonymous_0)","decl":{"start":{"line":34,"column":60},"end":{"line":34,"column":61}},"loc":{"start":{"line":38,"column":6},"end":{"line":94,"column":null}},"line":38},"1":{"name":"(anonymous_1)","decl":{"start":{"line":55,"column":25},"end":{"line":55,"column":26}},"loc":{"start":{"line":55,"column":26},"end":{"line":55,"column":null}},"line":55},"2":{"name":"(anonymous_2)","decl":{"start":{"line":78,"column":29},"end":{"line":78,"column":30}},"loc":{"start":{"line":79,"column":16},"end":{"line":87,"column":null}},"line":79}},"branchMap":{"0":{"loc":{"start":{"line":36,"column":2},"end":{"line":36,"column":null}},"type":"default-arg","locations":[{"start":{"line":36,"column":27},"end":{"line":36,"column":null}}],"line":36},"1":{"loc":{"start":{"line":37,"column":2},"end":{"line":37,"column":null}},"type":"default-arg","locations":[{"start":{"line":37,"column":17},"end":{"line":37,"column":null}}],"line":37},"2":{"loc":{"start":{"line":41,"column":4},"end":{"line":41,"column":null}},"type":"cond-expr","locations":[{"start":{"line":41,"column":48},"end":{"line":41,"column":86}},{"start":{"line":41,"column":86},"end":{"line":41,"column":null}}],"line":41},"3":{"loc":{"start":{"line":41,"column":4},"end":{"line":41,"column":48}},"type":"binary-expr","locations":[{"start":{"line":41,"column":4},"end":{"line":41,"column":30}},{"start":{"line":41,"column":30},"end":{"line":41,"column":48}}],"line":41},"4":{"loc":{"start":{"line":41,"column":60},"end":{"line":41,"column":82}},"type":"binary-expr","locations":[{"start":{"line":41,"column":60},"end":{"line":41,"column":80}},{"start":{"line":41,"column":80},"end":{"line":41,"column":82}}],"line":41},"5":{"loc":{"start":{"line":77,"column":13},"end":{"line":88,"column":null}},"type":"binary-expr","locations":[{"start":{"line":77,"column":13},"end":{"line":77,"column":null}},{"start":{"line":78,"column":14},"end":{"line":88,"column":null}}],"line":77},"6":{"loc":{"start":{"line":83,"column":24},"end":{"line":83,"column":null}},"type":"binary-expr","locations":[{"start":{"line":83,"column":24},"end":{"line":83,"column":51}},{"start":{"line":83,"column":51},"end":{"line":83,"column":null}}],"line":83}},"s":{"0":0,"1":0,"2":0,"3":0,"4":0,"5":0},"f":{"0":0,"1":0,"2":0},"b":{"0":[0],"1":[0],"2":[0,0],"3":[0,0],"4":[0,0],"5":[0,0],"6":[0,0]},"meta":{"lastBranch":7,"lastFunction":3,"lastStatement":6,"seen":{"s:25:15:32:Infinity":0,"s:34:60:94:Infinity":1,"f:34:60:34:61":0,"b:36:27:36:Infinity":0,"b:37:17:37:Infinity":1,"s:41:4:41:Infinity":2,"b:41:48:41:86:41:86:41:Infinity":2,"b:41:4:41:30:41:30:41:48":3,"b:41:60:41:80:41:80:41:82":4,"s:43:2:92:Infinity":3,"f:55:25:55:26":1,"s:55:26:55:Infinity":4,"b:77:13:77:Infinity:78:14:88:Infinity":5,"f:78:29:78:30":2,"s:79:16:87:Infinity":5,"b:83:24:83:51:83:51:83:Infinity":6}}}
,"D:\\projects\\one-piece\\src\\components\\projects\\MonthlySettlementDialog.tsx": {"path":"D:\\projects\\one-piece\\src\\components\\projects\\MonthlySettlementDialog.tsx","statementMap":{"0":{"start":{"line":35,"column":72},"end":{"line":264,"column":null}},"1":{"start":{"line":42,"column":26},"end":{"line":42,"column":null}},"2":{"start":{"line":43,"column":40},"end":{"line":43,"column":null}},"3":{"start":{"line":44,"column":36},"end":{"line":44,"column":null}},"4":{"start":{"line":45,"column":24},"end":{"line":45,"column":null}},"5":{"start":{"line":47,"column":28},"end":{"line":71,"column":null}},"6":{"start":{"line":48,"column":4},"end":{"line":51,"column":null}},"7":{"start":{"line":49,"column":6},"end":{"line":49,"column":null}},"8":{"start":{"line":50,"column":6},"end":{"line":50,"column":null}},"9":{"start":{"line":53,"column":4},"end":{"line":53,"column":null}},"10":{"start":{"line":54,"column":4},"end":{"line":54,"column":null}},"11":{"start":{"line":56,"column":4},"end":{"line":70,"column":null}},"12":{"start":{"line":57,"column":28},"end":{"line":57,"column":null}},"13":{"start":{"line":58,"column":23},"end":{"line":63,"column":null}},"14":{"start":{"line":64,"column":6},"end":{"line":64,"column":null}},"15":{"start":{"line":65,"column":6},"end":{"line":65,"column":null}},"16":{"start":{"line":67,"column":6},"end":{"line":67,"column":null}},"17":{"start":{"line":68,"column":6},"end":{"line":68,"column":null}},"18":{"start":{"line":69,"column":6},"end":{"line":69,"column":null}},"19":{"start":{"line":73,"column":34},"end":{"line":103,"column":null}},"20":{"start":{"line":74,"column":4},"end":{"line":74,"column":null}},"21":{"start":{"line":74,"column":24},"end":{"line":74,"column":null}},"22":{"start":{"line":76,"column":4},"end":{"line":76,"column":null}},"23":{"start":{"line":77,"column":4},"end":{"line":77,"column":null}},"24":{"start":{"line":79,"column":4},"end":{"line":102,"column":null}},"25":{"start":{"line":80,"column":28},"end":{"line":80,"column":null}},"26":{"start":{"line":81,"column":21},"end":{"line":86,"column":null}},"27":{"start":{"line":88,"column":6},"end":{"line":97,"column":null}},"28":{"start":{"line":89,"column":8},"end":{"line":89,"column":null}},"29":{"start":{"line":90,"column":8},"end":{"line":93,"column":null}},"30":{"start":{"line":91,"column":10},"end":{"line":91,"column":null}},"31":{"start":{"line":92,"column":10},"end":{"line":92,"column":null}},"32":{"start":{"line":95,"column":8},"end":{"line":95,"column":null}},"33":{"start":{"line":96,"column":8},"end":{"line":96,"column":null}},"34":{"start":{"line":99,"column":6},"end":{"line":99,"column":null}},"35":{"start":{"line":100,"column":6},"end":{"line":100,"column":null}},"36":{"start":{"line":101,"column":6},"end":{"line":101,"column":null}},"37":{"start":{"line":105,"column":22},"end":{"line":111,"column":null}},"38":{"start":{"line":106,"column":4},"end":{"line":106,"column":null}},"39":{"start":{"line":107,"column":4},"end":{"line":107,"column":null}},"40":{"start":{"line":108,"column":4},"end":{"line":108,"column":null}},"41":{"start":{"line":109,"column":4},"end":{"line":109,"column":null}},"42":{"start":{"line":110,"column":4},"end":{"line":110,"column":null}},"43":{"start":{"line":114,"column":8},"end":{"line":114,"column":null}},"44":{"start":{"line":116,"column":2},"end":{"line":262,"column":null}},"45":{"start":{"line":117,"column":50},"end":{"line":117,"column":null}},"46":{"start":{"line":140,"column":35},"end":{"line":140,"column":null}},"47":{"start":{"line":182,"column":20},"end":{"line":210,"column":null}},"48":{"start":{"line":252,"column":55},"end":{"line":252,"column":85}}},"fnMap":{"0":{"name":"(anonymous_0)","decl":{"start":{"line":35,"column":72},"end":{"line":35,"column":73}},"loc":{"start":{"line":41,"column":6},"end":{"line":264,"column":null}},"line":41},"1":{"name":"(anonymous_1)","decl":{"start":{"line":47,"column":28},"end":{"line":47,"column":40}},"loc":{"start":{"line":47,"column":40},"end":{"line":71,"column":null}},"line":47},"2":{"name":"(anonymous_2)","decl":{"start":{"line":73,"column":34},"end":{"line":73,"column":46}},"loc":{"start":{"line":73,"column":46},"end":{"line":103,"column":null}},"line":73},"3":{"name":"(anonymous_3)","decl":{"start":{"line":90,"column":19},"end":{"line":90,"column":25}},"loc":{"start":{"line":90,"column":25},"end":{"line":93,"column":11}},"line":90},"4":{"name":"(anonymous_4)","decl":{"start":{"line":105,"column":22},"end":{"line":105,"column":28}},"loc":{"start":{"line":105,"column":28},"end":{"line":111,"column":null}},"line":105},"5":{"name":"(anonymous_5)","decl":{"start":{"line":117,"column":40},"end":{"line":117,"column":41}},"loc":{"start":{"line":117,"column":50},"end":{"line":117,"column":null}},"line":117},"6":{"name":"(anonymous_6)","decl":{"start":{"line":140,"column":28},"end":{"line":140,"column":29}},"loc":{"start":{"line":140,"column":35},"end":{"line":140,"column":null}},"line":140},"7":{"name":"(anonymous_7)","decl":{"start":{"line":181,"column":35},"end":{"line":181,"column":36}},"loc":{"start":{"line":182,"column":20},"end":{"line":210,"column":null}},"line":182},"8":{"name":"(anonymous_8)","decl":{"start":{"line":252,"column":49},"end":{"line":252,"column":55}},"loc":{"start":{"line":252,"column":55},"end":{"line":252,"column":85}},"line":252}},"branchMap":{"0":{"loc":{"start":{"line":48,"column":4},"end":{"line":51,"column":null}},"type":"if","locations":[{"start":{"line":48,"column":4},"end":{"line":51,"column":null}},{"start":{},"end":{}}],"line":48},"1":{"loc":{"start":{"line":74,"column":4},"end":{"line":74,"column":null}},"type":"if","locations":[{"start":{"line":74,"column":4},"end":{"line":74,"column":null}},{"start":{},"end":{}}],"line":74},"2":{"loc":{"start":{"line":88,"column":6},"end":{"line":97,"column":null}},"type":"if","locations":[{"start":{"line":88,"column":6},"end":{"line":97,"column":null}},{"start":{"line":94,"column":13},"end":{"line":97,"column":null}}],"line":88},"3":{"loc":{"start":{"line":117,"column":50},"end":{"line":117,"column":null}},"type":"binary-expr","locations":[{"start":{"line":117,"column":50},"end":{"line":117,"column":59}},{"start":{"line":117,"column":59},"end":{"line":117,"column":null}}],"line":117},"4":{"loc":{"start":{"line":128,"column":11},"end":{"line":149,"column":null}},"type":"binary-expr","locations":[{"start":{"line":128,"column":11},"end":{"line":128,"column":null}},{"start":{"line":129,"column":12},"end":{"line":149,"column":null}}],"line":128},"5":{"loc":{"start":{"line":144,"column":15},"end":{"line":147,"column":null}},"type":"binary-expr","locations":[{"start":{"line":144,"column":15},"end":{"line":144,"column":null}},{"start":{"line":145,"column":16},"end":{"line":147,"column":null}}],"line":144},"6":{"loc":{"start":{"line":152,"column":11},"end":{"line":214,"column":null}},"type":"binary-expr","locations":[{"start":{"line":152,"column":11},"end":{"line":152,"column":null}},{"start":{"line":153,"column":12},"end":{"line":214,"column":null}}],"line":152},"7":{"loc":{"start":{"line":163,"column":15},"end":{"line":166,"column":null}},"type":"binary-expr","locations":[{"start":{"line":163,"column":15},"end":{"line":163,"column":null}},{"start":{"line":164,"column":16},"end":{"line":166,"column":null}}],"line":163},"8":{"loc":{"start":{"line":194,"column":25},"end":{"line":196,"column":null}},"type":"cond-expr","locations":[{"start":{"line":195,"column":28},"end":{"line":195,"column":null}},{"start":{"line":196,"column":28},"end":{"line":196,"column":null}}],"line":194},"9":{"loc":{"start":{"line":217,"column":11},"end":{"line":221,"column":null}},"type":"binary-expr","locations":[{"start":{"line":217,"column":11},"end":{"line":217,"column":null}},{"start":{"line":218,"column":12},"end":{"line":221,"column":null}}],"line":217},"10":{"loc":{"start":{"line":224,"column":11},"end":{"line":233,"column":null}},"type":"binary-expr","locations":[{"start":{"line":224,"column":11},"end":{"line":224,"column":null}},{"start":{"line":225,"column":12},"end":{"line":233,"column":null}}],"line":224},"11":{"loc":{"start":{"line":239,"column":11},"end":{"line":247,"column":null}},"type":"binary-expr","locations":[{"start":{"line":239,"column":11},"end":{"line":239,"column":null}},{"start":{"line":240,"column":12},"end":{"line":247,"column":null}}],"line":239},"12":{"loc":{"start":{"line":250,"column":11},"end":{"line":258,"column":null}},"type":"binary-expr","locations":[{"start":{"line":250,"column":11},"end":{"line":250,"column":null}},{"start":{"line":251,"column":12},"end":{"line":258,"column":null}}],"line":250}},"s":{"0":0,"1":0,"2":0,"3":0,"4":0,"5":0,"6":0,"7":0,"8":0,"9":0,"10":0,"11":0,"12":0,"13":0,"14":0,"15":0,"16":0,"17":0,"18":0,"19":0,"20":0,"21":0,"22":0,"23":0,"24":0,"25":0,"26":0,"27":0,"28":0,"29":0,"30":0,"31":0,"32":0,"33":0,"34":0,"35":0,"36":0,"37":0,"38":0,"39":0,"40":0,"41":0,"42":0,"43":0,"44":0,"45":0,"46":0,"47":0,"48":0},"f":{"0":0,"1":0,"2":0,"3":0,"4":0,"5":0,"6":0,"7":0,"8":0},"b":{"0":[0,0],"1":[0,0],"2":[0,0],"3":[0,0],"4":[0,0],"5":[0,0],"6":[0,0],"7":[0,0],"8":[0,0],"9":[0,0],"10":[0,0],"11":[0,0],"12":[0,0]},"meta":{"lastBranch":13,"lastFunction":9,"lastStatement":49,"seen":{"s:35:72:264:Infinity":0,"f:35:72:35:73":0,"s:42:26:42:Infinity":1,"s:43:40:43:Infinity":2,"s:44:36:44:Infinity":3,"s:45:24:45:Infinity":4,"s:47:28:71:Infinity":5,"f:47:28:47:40":1,"b:48:4:51:Infinity:undefined:undefined:undefined:undefined":0,"s:48:4:51:Infinity":6,"s:49:6:49:Infinity":7,"s:50:6:50:Infinity":8,"s:53:4:53:Infinity":9,"s:54:4:54:Infinity":10,"s:56:4:70:Infinity":11,"s:57:28:57:Infinity":12,"s:58:23:63:Infinity":13,"s:64:6:64:Infinity":14,"s:65:6:65:Infinity":15,"s:67:6:67:Infinity":16,"s:68:6:68:Infinity":17,"s:69:6:69:Infinity":18,"s:73:34:103:Infinity":19,"f:73:34:73:46":2,"b:74:4:74:Infinity:undefined:undefined:undefined:undefined":1,"s:74:4:74:Infinity":20,"s:74:24:74:Infinity":21,"s:76:4:76:Infinity":22,"s:77:4:77:Infinity":23,"s:79:4:102:Infinity":24,"s:80:28:80:Infinity":25,"s:81:21:86:Infinity":26,"b:88:6:97:Infinity:94:13:97:Infinity":2,"s:88:6:97:Infinity":27,"s:89:8:89:Infinity":28,"s:90:8:93:Infinity":29,"f:90:19:90:25":3,"s:91:10:91:Infinity":30,"s:92:10:92:Infinity":31,"s:95:8:95:Infinity":32,"s:96:8:96:Infinity":33,"s:99:6:99:Infinity":34,"s:100:6:100:Infinity":35,"s:101:6:101:Infinity":36,"s:105:22:111:Infinity":37,"f:105:22:105:28":4,"s:106:4:106:Infinity":38,"s:107:4:107:Infinity":39,"s:108:4:108:Infinity":40,"s:109:4:109:Infinity":41,"s:110:4:110:Infinity":42,"s:114:8:114:Infinity":43,"s:116:2:262:Infinity":44,"f:117:40:117:41":5,"s:117:50:117:Infinity":45,"b:117:50:117:59:117:59:117:Infinity":3,"b:128:11:128:Infinity:129:12:149:Infinity":4,"f:140:28:140:29":6,"s:140:35:140:Infinity":46,"b:144:15:144:Infinity:145:16:147:Infinity":5,"b:152:11:152:Infinity:153:12:214:Infinity":6,"b:163:15:163:Infinity:164:16:166:Infinity":7,"f:181:35:181:36":7,"s:182:20:210:Infinity":47,"b:195:28:195:Infinity:196:28:196:Infinity":8,"b:217:11:217:Infinity:218:12:221:Infinity":9,"b:224:11:224:Infinity:225:12:233:Infinity":10,"b:239:11:239:Infinity:240:12:247:Infinity":11,"b:250:11:250:Infinity:251:12:258:Infinity":12,"f:252:49:252:55":8,"s:252:55:252:85":48}}}
[...]
e":85},"4":{"loc":{"start":{"line":96,"column":23},"end":{"line":96,"column":null}},"type":"cond-expr","locations":[{"start":{"line":96,"column":54},"end":{"line":96,"column":73}},{"start":{"line":96,"column":73},"end":{"line":96,"column":null}}],"line":96},"5":{"loc":{"start":{"line":98,"column":10},"end":{"line":100,"column":null}},"type":"binary-expr","locations":[{"start":{"line":98,"column":10},"end":{"line":98,"column":null}},{"start":{"line":99,"column":10},"end":{"line":99,"column":null}},{"start":{"line":100,"column":10},"end":{"line":100,"column":null}}],"line":98},"6":{"loc":{"start":{"line":106,"column":22},"end":{"line":106,"column":null}},"type":"cond-expr","locations":[{"start":{"line":106,"column":52},"end":{"line":106,"column":70}},{"start":{"line":106,"column":70},"end":{"line":106,"column":null}}],"line":106},"7":{"loc":{"start":{"line":108,"column":10},"end":{"line":111,"column":null}},"type":"binary-expr","locations":[{"start":{"line":108,"column":10},"end":{"line":108,"column":null}},{"start":{"line":109,"column":10},"end":{"line":109,"column":null}},{"start":{"line":110,"column":10},"end":{"line":110,"column":null}},{"start":{"line":111,"column":10},"end":{"line":111,"column":null}}],"line":108},"8":{"loc":{"start":{"line":120,"column":22},"end":{"line":120,"column":null}},"type":"cond-expr","locations":[{"start":{"line":120,"column":52},"end":{"line":120,"column":70}},{"start":{"line":120,"column":70},"end":{"line":120,"column":null}}],"line":120},"9":{"loc":{"start":{"line":122,"column":10},"end":{"line":125,"column":null}},"type":"binary-expr","locations":[{"start":{"line":122,"column":10},"end":{"line":122,"column":null}},{"start":{"line":123,"column":10},"end":{"line":123,"column":null}},{"start":{"line":124,"column":10},"end":{"line":124,"column":null}},{"start":{"line":125,"column":10},"end":{"line":125,"column":null}}],"line":122},"10":{"loc":{"start":{"line":138,"column":20},"end":{"line":144,"column":null}},"type":"cond-expr","locations":[{"start":{"line":139,"column":10},"end":{"line":143,"column":null}},{"start":{"line":144,"column":10},"end":{"line":144,"column":null}}],"line":138},"11":{"loc":{"start":{"line":189,"column":4},"end":{"line":196,"column":null}},"type":"if","locations":[{"start":{"line":189,"column":4},"end":{"line":196,"column":null}},{"start":{},"end":{}}],"line":189}},"s":{"0":6,"1":1,"2":5,"3":8,"4":8,"5":2,"6":2,"7":6,"8":6,"9":6,"10":6,"11":6,"12":6,"13":6,"14":1,"15":1,"16":1,"17":6,"18":3,"19":3,"20":2,"21":6,"22":6,"23":3,"24":3,"25":1,"26":6,"27":6,"28":1,"29":2,"30":1,"31":4,"32":5,"33":4,"34":1,"35":1,"36":3,"37":3,"38":4,"39":2,"40":1,"41":1,"42":2},"f":{"0":6,"1":8,"2":2,"3":6,"4":1,"5":1,"6":3,"7":2,"8":3,"9":1,"10":1,"11":2,"12":4,"13":5,"14":1,"15":4},"b":{"0":[1,5],"1":[1,1],"2":[2,4],"3":[6,4],"4":[1,0],"5":[1,1,1],"6":[2,1],"7":[3,3,2,2],"8":[2,1],"9":[3,3,1,1],"10":[2,4],"11":[1,3]},"meta":{"lastBranch":12,"lastFunction":16,"lastStatement":43,"seen":{"f:28:10:28:27":0,"b:29:4:31:Infinity:undefined:undefined:undefined:undefined":0,"s:29:4:31:Infinity":0,"s:30:6:30:Infinity":1,"s:32:4:32:Infinity":2,"f:38:8:38:Infinity":1,"s:44:22:44:Infinity":3,"s:45:4:45:Infinity":4,"f:51:8:51:26":2,"s:52:22:52:Infinity":5,"s:53:4:53:Infinity":6,"b:53:34:53:49:53:49:53:Infinity":1,"f:59:8:59:Infinity":3,"s:69:32:74:Infinity":7,"s:77:22:77:Infinity":8,"s:78:26:83:Infinity":9,"s:84:25:84:Infinity":10,"b:84:52:84:71:84:71:84:Infinity":2,"s:85:27:85:Infinity":11,"b:85:27:85:59:85:59:85:Infinity":3,"s:88:48:91:Infinity":12,"s:94:31:103:Infinity":13,"f:95:14:95:15":4,"s:96:23:96:Infinity":14,"b:96:54:96:73:96:73:96:Infinity":4,"s:97:8:100:Infinity":15,"b:98:10:98:Infinity:99:10:99:Infinity:100:10:100:Infinity":5,"f:103:14:103:15":5,"s:103:27:103:44":16,"s:104:24:114:Infinity":17,"f:105:14:105:15":6,"s:106:22:106:Infinity":18,"b:106:52:106:70:106:70:106:Infinity":6,"s:107:8:111:Infinity":19,"b:108:10:108:Infinity:109:10:109:Infinity:110:10:110:Infinity:111:10:111:Infinity":7,"f:114:14:114:15":7,"s:114:26:114:42":20,"s:115:19:115:Infinity":21,"s:118:20:128:Infinity":22,"f:119:14:119:15":8,"s:120:22:120:Infinity":23,"b:120:52:120:70:120:70:120:Infinity":8,"s:121:8:125:Infinity":24,"b:122:10:122:Infinity:123:10:123:Infinity:124:10:124:Infinity:125:10:125:Infinity":9,"f:128:14:128:15":9,"s:128:26:128:42":25,"s:131:27:131:Infinity":26,"s:133:4:150:Infinity":27,"b:139:10:143:Infinity:144:10:144:Infinity":10,"f:156:8:156:Infinity":10,"s:162:24:174:Infinity":28,"f:163:19:163:20":11,"s:164:8:172:Infinity":29,"s:175:4:175:Infinity":30,"f:181:8:181:Infinity":12,"s:188:29:188:Infinity":31,"f:188:48:188:49":13,"s:188:55:188:76":32,"b:189:4:196:Infinity:undefined:undefined:undefined:undefined":11,"s:189:4:196:Infinity":33,"s:190:6:195:Infinity":34,"f:193:102:193:103":14,"s:193:109:193:122":35,"s:199:4:219:Infinity":36,"s:200:6:211:Infinity":37,"f:201:24:201:25":15,"s:202:10:209:Infinity":38,"s:212:6:212:Infinity":39,"s:214:6:214:Infinity":40,"s:215:6:218:Infinity":41,"s:223:33:223:Infinity":42}}}
,"D:\\projects\\one-piece\\src\\services\\transactionService.ts": {"path":"D:\\projects\\one-piece\\src\\services\\transactionService.ts","statementMap":{"0":{"start":{"line":9,"column":4},"end":{"line":9,"column":null}},"1":{"start":{"line":18,"column":4},"end":{"line":18,"column":null}},"2":{"start":{"line":32,"column":23},"end":{"line":32,"column":null}},"3":{"start":{"line":35,"column":4},"end":{"line":56,"column":null}},"4":{"start":{"line":36,"column":6},"end":{"line":42,"column":null}},"5":{"start":{"line":37,"column":8},"end":{"line":41,"column":null}},"6":{"start":{"line":38,"column":23},"end":{"line":38,"column":null}},"7":{"start":{"line":39,"column":16},"end":{"line":39,"column":null}},"8":{"start":{"line":40,"column":10},"end":{"line":40,"column":null}},"9":{"start":{"line":43,"column":6},"end":{"line":49,"column":null}},"10":{"start":{"line":44,"column":8},"end":{"line":48,"column":null}},"11":{"start":{"line":45,"column":23},"end":{"line":45,"column":null}},"12":{"start":{"line":46,"column":16},"end":{"line":46,"column":null}},"13":{"start":{"line":47,"column":10},"end":{"line":47,"column":null}},"14":{"start":{"line":50,"column":6},"end":{"line":52,"column":null}},"15":{"start":{"line":51,"column":8},"end":{"line":51,"column":null}},"16":{"start":{"line":51,"column":50},"end":{"line":51,"column":73}},"17":{"start":{"line":53,"column":6},"end":{"line":55,"column":null}},"18":{"start":{"line":54,"column":8},"end":{"line":54,"column":null}},"19":{"start":{"line":54,"column":50},"end":{"line":54,"column":81}},"20":{"start":{"line":58,"column":4},"end":{"line":58,"column":null}},"21":{"start":{"line":63,"column":4},"end":{"line":63,"column":null}},"22":{"start":{"line":72,"column":4},"end":{"line":72,"column":null}},"23":{"start":{"line":77,"column":4},"end":{"line":77,"column":null}},"24":{"start":{"line":90,"column":25},"end":{"line":90,"column":null}},"25":{"start":{"line":92,"column":24},"end":{"line":94,"column":null}},"26":{"start":{"line":93,"column":21},"end":{"line":93,"column":40}},"27":{"start":{"line":94,"column":26},"end":{"line":94,"column":42}},"28":{"start":{"line":96,"column":25},"end":{"line":98,"column":null}},"29":{"start":{"line":97,"column":21},"end":{"line":97,"column":41}},"30":{"start":{"line":98,"column":26},"end":{"line":98,"column":42}},"31":{"start":{"line":100,"column":4},"end":{"line":104,"column":null}},"32":{"start":{"line":108,"column":34},"end":{"line":108,"column":null}}},"fnMap":{"0":{"name":"(anonymous_0)","decl":{"start":{"line":8,"column":2},"end":{"line":8,"column":16}},"loc":{"start":{"line":8,"column":16},"end":{"line":10,"column":null}},"line":8},"1":{"name":"(anonymous_1)","decl":{"start":{"line":14,"column":8},"end":{"line":14,"column":null}},"loc":{"start":{"line":17,"column":21},"end":{"line":19,"column":null}},"line":17},"2":{"name":"(anonymous_2)","decl":{"start":{"line":22,"column":8},"end":{"line":22,"column":null}},"loc":{"start":{"line":30,"column":28},"end":{"line":59,"column":null}},"line":30},"3":{"name":"(anonymous_3)","decl":{"start":{"line":37,"column":43},"end":{"line":37,"column":44}},"loc":{"start":{"line":37,"column":50},"end":{"line":41,"column":9}},"line":37},"4":{"name":"(anonymous_4)","decl":{"start":{"line":44,"column":43},"end":{"line":44,"column":44}},"loc":{"start":{"line":44,"column":50},"end":{"line":48,"column":9}},"line":44},"5":{"name":"(anonymous_5)","decl":{"start":{"line":51,"column":43},"end":{"line":51,"column":44}},"loc":{"start":{"line":51,"column":50},"end":{"line":51,"column":73}},"line":51},"6":{"name":"(anonymous_6)","decl":{"start":{"line":54,"column":43},"end":{"line":54,"column":44}},"loc":{"start":{"line":54,"column":50},"end":{"line":54,"column":81}},"line":54},"7":{"name":"(anonymous_7)","decl":{"start":{"line":62,"column":8},"end":{"line":62,"column":23}},"loc":{"start":{"line":62,"column":85},"end":{"line":64,"column":null}},"line":62},"8":{"name":"(anonymous_8)","decl":{"start":{"line":67,"column":8},"end":{"line":67,"column":null}},"loc":{"start":{"line":71,"column":19},"end":{"line":73,"column":null}},"line":71},"9":{"name":"(anonymous_9)","decl":{"start":{"line":76,"column":8},"end":{"line":76,"column":26}},"loc":{"start":{"line":76,"column":74},"end":{"line":78,"column":null}},"line":76},"10":{"name":"(anonymous_10)","decl":{"start":{"line":81,"column":8},"end":{"line":81,"column":null}},"loc":{"start":{"line":89,"column":5},"end":{"line":105,"column":null}},"line":89},"11":{"name":"(anonymous_11)","decl":{"start":{"line":93,"column":14},"end":{"line":93,"column":15}},"loc":{"start":{"line":93,"column":21},"end":{"line":93,"column":40}},"line":93},"12":{"name":"(anonymous_12)","decl":{"start":{"line":94,"column":14},"end":{"line":94,"column":15}},"loc":{"start":{"line":94,"column":26},"end":{"line":94,"column":42}},"line":94},"13":{"name":"(anonymous_13)","decl":{"start":{"line":97,"column":14},"end":{"line":97,"column":15}},"loc":{"start":{"line":97,"column":21},"end":{"line":97,"column":41}},"line":97},"14":{"name":"(anonymous_14)","decl":{"start":{"line":98,"column":14},"end":{"line":98,"column":15}},"loc":{"start":{"line":98,"column":26},"end":{"line":98,"column":42}},"line":98}},"branchMap":{"0":{"loc":{"start":{"line":35,"column":4},"end":{"line":56,"column":null}},"type":"if","locations":[{"start":{"line":35,"column":4},"end":{"line":56,"column":null}},{"start":{},"end":{}}],"line":35},"1":{"loc":{"start":{"line":36,"column":6},"end":{"line":42,"column":null}},"type":"if","locations":[{"start":{"line":36,"column":6},"end":{"line":42,"column":null}},{"start":{},"end":{}}],"line":36},"2":{"loc":{"start":{"line":38,"column":23},"end":{"line":38,"column":null}},"type":"cond-expr","locations":[{"start":{"line":38,"column":53},"end":{"line":38,"column":71}},{"start":{"line":38,"column":71},"end":{"line":38,"column":null}}],"line":38},"3":{"loc":{"start":{"line":43,"column":6},"end":{"line":49,"column":null}},"type":"if","locations":[{"start":{"line":43,"column":6},"end":{"line":49,"column":null}},{"start":{},"end":{}}],"line":43},"4":{"loc":{"start":{"line":45,"column":23},"end":{"line":45,"column":null}},"type":"cond-expr","locations":[{"start":{"line":45,"column":53},"end":{"line":45,"column":71}},{"start":{"line":45,"column":71},"end":{"line":45,"column":null}}],"line":45},"5":{"loc":{"start":{"line":50,"column":6},"end":{"line":52,"column":null}},"type":"if","locations":[{"start":{"line":50,"column":6},"end":{"line":52,"column":null}},{"start":{},"end":{}}],"line":50},"6":{"loc":{"start":{"line":53,"column":6},"end":{"line":55,"column":null}},"type":"if","locations":[{"start":{"line":53,"column":6},"end":{"line":55,"column":null}},{"start":{},"end":{}}],"line":53}},"s":{"0":3,"1":3,"2":5,"3":5,"4":5,"5":3,"6":6,"7":6,"8":6,"9":5,"10":2,"11":4,"12":4,"13":4,"14":5,"15":3,"16":6,"17":5,"18":0,"19":0,"20":5,"21":0,"22":0,"23":0,"24":1,"25":1,"26":2,"27":1,"28":1,"29":2,"30":1,"31":1,"32":3},"f":{"0":3,"1":3,"2":5,"3":6,"4":4,"5":6,"6":0,"7":0,"8":0,"9":0,"10":1,"11":2,"12":1,"13":2,"14":1},"b":{"0":[5,0],"1":[3,2],"2":[6,0],"3":[2,3],"4":[4,0],"5":[3,2],"6":[0,5]},"meta":{"lastBranch":7,"lastFunction":15,"lastStatement":33,"seen":{"f:8:2:8:16":0,"s:9:4:9:Infinity":0,"f:14:8:14:Infinity":1,"s:18:4:18:Infinity":1,"f:22:8:22:Infinity":2,"s:32:23:32:Infinity":2,"b:35:4:56:Infinity:undefined:undefined:undefined:undefined":0,"s:35:4:56:Infinity":3,"b:36:6:42:Infinity:undefined:undefined:undefined:undefined":1,"s:36:6:42:Infinity":4,"s:37:8:41:Infinity":5,"f:37:43:37:44":3,"s:38:23:38:Infinity":6,"b:38:53:38:71:38:71:38:Infinity":2,"s:39:16:39:Infinity":7,"s:40:10:40:Infinity":8,"b:43:6:49:Infinity:undefined:undefined:undefined:undefined":3,"s:43:6:49:Infinity":9,"s:44:8:48:Infinity":10,"f:44:43:44:44":4,"s:45:23:45:Infinity":11,"b:45:53:45:71:45:71:45:Infinity":4,"s:46:16:46:Infinity":12,"s:47:10:47:Infinity":13,"b:50:6:52:Infinity:undefined:undefined:undefined:undefined":5,"s:50:6:52:Infinity":14,"s:51:8:51:Infinity":15,"f:51:43:51:44":5,"s:51:50:51:73":16,"b:53:6:55:Infinity:undefined:undefined:undefined:undefined":6,"s:53:6:55:Infinity":17,"s:54:8:54:Infinity":18,"f:54:43:54:44":6,"s:54:50:54:81":19,"s:58:4:58:Infinity":20,"f:62:8:62:23":7,"s:63:4:63:Infinity":21,"f:67:8:67:Infinity":8,"s:72:4:72:Infinity":22,"f:76:8:76:26":9,"s:77:4:77:Infinity":23,"f:81:8:81:Infinity":10,"s:90:25:90:Infinity":24,"s:92:24:94:Infinity":25,"f:93:14:93:15":11,"s:93:21:93:40":26,"f:94:14:94:15":12,"s:94:26:94:42":27,"s:96:25:98:Infinity":28,"f:97:14:97:15":13,"s:97:21:97:41":29,"f:98:14:98:15":14,"s:98:26:98:42":30,"s:100:4:104:Infinity":31,"s:108:34:108:Infinity":32}}}
,"D:\\projects\\one-piece\\src\\utils\\dateUtils.ts": {"path":"D:\\projects\\one-piece\\src\\utils\\dateUtils.ts","statementMap":{"0":{"start":{"line":8,"column":28},"end":{"line":13,"column":null}},"1":{"start":{"line":9,"column":2},"end":{"line":11,"column":null}},"2":{"start":{"line":10,"column":4},"end":{"line":10,"column":null}},"3":{"start":{"line":12,"column":2},"end":{"line":12,"column":null}},"4":{"start":{"line":20,"column":22},"end":{"line":25,"column":null}},"5":{"start":{"line":21,"column":2},"end":{"line":23,"column":null}},"6":{"start":{"line":22,"column":4},"end":{"line":22,"column":null}},"7":{"start":{"line":24,"column":2},"end":{"line":24,"column":null}},"8":{"start":{"line":32,"column":27},"end":{"line":37,"column":null}},"9":{"start":{"line":33,"column":2},"end":{"line":35,"column":null}},"10":{"start":{"line":34,"column":4},"end":{"line":34,"column":null}},"11":{"start":{"line":36,"column":2},"end":{"line":36,"column":null}},"12":{"start":{"line":44,"column":24},"end":{"line":46,"column":null}},"13":{"start":{"line":45,"column":2},"end":{"line":45,"column":null}}},"fnMap":{"0":{"name":"(anonymous_0)","decl":{"start":{"line":8,"column":28},"end":{"line":8,"column":29}},"loc":{"start":{"line":8,"column":64},"end":{"line":13,"column":null}},"line":8},"1":{"name":"(anonymous_1)","decl":{"start":{"line":20,"column":22},"end":{"line":20,"column":23}},"loc":{"start":{"line":20,"column":56},"end":{"line":25,"column":null}},"line":20},"2":{"name":"(anonymous_2)","decl":{"start":{"line":32,"column":27},"end":{"line":32,"column":28}},"loc":{"start":{"line":32,"column":63},"end":{"line":37,"column":null}},"line":32},"3":{"name":"(anonymous_3)","decl":{"start":{"line":44,"column":24},"end":{"line":44,"column":25}},"loc":{"start":{"line":44,"column":51},"end":{"line":46,"column":null}},"line":44}},"branchMap":{"0":{"loc":{"start":{"line":9,"column":2},"end":{"line":11,"column":null}},"type":"if","locations":[{"start":{"line":9,"column":2},"end":{"line":11,"column":null}},{"start":{},"end":{}}],"line":9},"1":{"loc":{"start":{"line":21,"column":2},"end":{"line":23,"column":null}},"type":"if","locations":[{"start":{"line":21,"column":2},"end":{"line":23,"column":null}},{"start":{},"end":{}}],"line":21},"2":{"loc":{"start":{"line":33,"column":2},"end":{"line":35,"column":null}},"type":"if","locations":[{"start":{"line":33,"column":2},"end":{"line":35,"column":null}},{"start":{},"end":{}}],"line":33}},"s":{"0":4,"1":12,"2":1,"3":11,"4":4,"5":2,"6":1,"7":1,"8":4,"9":2,"10":1,"11":1,"12":4,"13":1},"f":{"0":12,"1":2,"2":2,"3":1},"b":{"0":[1,11],"1":[1,1],"2":[1,1]},"meta":{"lastBranch":3,"lastFunction":4,"lastStatement":14,"seen":{"s:8:28:13:Infinity":0,"f:8:28:8:29":0,"b:9:2:11:Infinity:undefined:undefined:undefined:undefined":0,"s:9:2:11:Infinity":1,"s:10:4:10:Infinity":2,"s:12:2:12:Infinity":3,"s:20:22:25:Infinity":4,"f:20:22:20:23":1,"b:21:2:23:Infinity:undefined:undefined:undefined:undefined":1,"s:21:2:23:Infinity":5,"s:22:4:22:Infinity":6,"s:24:2:24:Infinity":7,"s:32:27:37:Infinity":8,"f:32:27:32:28":2,"b:33:2:35:Infinity:undefined:undefined:undefined:undefined":2,"s:33:2:35:Infinity":9,"s:34:4:34:Infinity":10,"s:36:2:36:Infinity":11,"s:44:24:46:Infinity":12,"f:44:24:44:25":3,"s:45:2:45:Infinity":13}}}
,"D:\\projects\\one-piece\\src\\utils\\formatUtils.ts": {"path":"D:\\projects\\one-piece\\src\\utils\\formatUtils.ts","statementMap":{"0":{"start":{"line":10,"column":30},"end":{"line":17,"column":null}},"1":{"start":{"line":11,"column":4},"end":{"line":16,"column":null}},"2":{"start":{"line":25,"column":32},"end":{"line":27,"column":null}},"3":{"start":{"line":26,"column":4},"end":{"line":26,"column":null}},"4":{"start":{"line":34,"column":35},"end":{"line":45,"column":null}},"5":{"start":{"line":35,"column":4},"end":{"line":37,"column":null}},"6":{"start":{"line":36,"column":8},"end":{"line":36,"column":null}},"7":{"start":{"line":38,"column":4},"end":{"line":40,"column":null}},"8":{"start":{"line":39,"column":8},"end":{"line":39,"column":null}},"9":{"start":{"line":41,"column":4},"end":{"line":43,"column":null}},"10":{"start":{"line":42,"column":8},"end":{"line":42,"column":null}},"11":{"start":{"line":44,"column":4},"end":{"line":44,"column":null}}},"fnMap":{"0":{"name":"(anonymous_0)","decl":{"start":{"line":10,"column":30},"end":{"line":10,"column":31}},"loc":{"start":{"line":10,"column":58},"end":{"line":17,"column":null}},"line":10},"1":{"name":"(anonymous_1)","decl":{"start":{"line":25,"column":32},"end":{"line":25,"column":33}},"loc":{"start":{"line":25,"column":81},"end":{"line":27,"column":null}},"line":25},"2":{"name":"(anonymous_2)","decl":{"start":{"line":34,"column":35},"end":{"line":34,"column":36}},"loc":{"start":{"line":34,"column":60},"end":{"line":45,"column":null}},"line":34}},"branchMap":{"0":{"loc":{"start":{"line":25,"column":48},"end":{"line":25,"column":81}},"type":"default-arg","locations":[{"start":{"line":25,"column":67},"end":{"line":25,"column":81}}],"line":25},"1":{"loc":{"start":{"line":35,"column":4},"end":{"line":37,"column":null}},"type":"if","locations":[{"start":{"line":35,"column":4},"end":{"line":37,"column":null}},{"start":{},"end":{}}],"line":35},"2":{"loc":{"start":{"line":38,"column":4},"end":{"line":40,"column":null}},"type":"if","locations":[{"start":{"line":38,"column":4},"end":{"line":40,"column":null}},{"start":{},"end":{}}],"line":38},"3":{"loc":{"start":{"line":41,"column":4},"end":{"line":43,"column":null}},"type":"if","locations":[{"start":{"line":41,"column":4},"end":{"line":43,"column":null}},{"start":{},"end":{}}],"line":41}},"s":{"0":1,"1":4,"2":1,"3":3,"4":1,"5":9,"6":2,"7":7,"8":2,"9":5,"10":3,"11":2},"f":{"0":4,"1":3,"2":9},"b":{"0":[3],"1":[2,7],"2":[2,5],"3":[3,2]},"meta":{"lastBranch":4,"lastFunction":3,"lastStatement":12,"seen":{"s:10:30:17:Infinity":0,"f:10:30:10:31":0,"s:11:4:16:Infinity":1,"s:25:32:27:Infinity":2,"f:25:32:25:33":1,"b:25:67:25:81":0,"s:26:4:26:Infinity":3,"s:34:35:45:Infinity":4,"f:34:35:34:36":2,"b:35:4:37:Infinity:undefined:undefined:undefined:undefined":1,"s:35:4:37:Infinity":5,"s:36:8:36:Infinity":6,"b:38:4:40:Infinity:undefined:undefined:undefined:undefined":2,"s:38:4:40:Infinity":7,"s:39:8:39:Infinity":8,"b:41:4:43:Infinity:undefined:undefined:undefined:undefined":3,"s:41:4:43:Infinity":9,"s:42:8:42:Infinity":10,"s:44:4:44:Infinity":11}}}
}
